Using pre-set license
Built from '2021.2/staging' branch; Version is '2021.2.13f1 (90b6766da538) revision 9483894'; Using compiler version '192829333'; Build Type 'Release'
OS: 'Windows 10  (10.0.19042) 64bit Professional' Language: 'en' Physical Memory: 16317 MB
BatchMode: 1, IsHumanControllingUs: 0, StartBugReporterOnCrash: 0, Is64bit: 1, IsPro: 1

COMMAND LINE ARGUMENTS:
C:\Unity\2021.2.13f1\Editor\Unity.exe
-adb2
-batchMode
-noUpm
-name
AssetImportWorker2
-projectPath
E:/Intership-unity/InternshipAI
-logFile
Logs/AssetImportWorker2.log
-srvPort
57591
Successfully changed project path to: E:/Intership-unity/InternshipAI
E:/Intership-unity/InternshipAI
[UnityMemory] Configuration Parameters - Can be set up in boot.config
    "memorysetup-bucket-allocator-granularity=16"
    "memorysetup-bucket-allocator-bucket-count=8"
    "memorysetup-bucket-allocator-block-size=33554432"
    "memorysetup-bucket-allocator-block-count=8"
    "memorysetup-main-allocator-block-size=16777216"
    "memorysetup-thread-allocator-block-size=16777216"
    "memorysetup-gfx-main-allocator-block-size=16777216"
    "memorysetup-gfx-thread-allocator-block-size=16777216"
    "memorysetup-cache-allocator-block-size=4194304"
    "memorysetup-typetree-allocator-block-size=2097152"
    "memorysetup-profiler-bucket-allocator-granularity=16"
    "memorysetup-profiler-bucket-allocator-bucket-count=8"
    "memorysetup-profiler-bucket-allocator-block-size=33554432"
    "memorysetup-profiler-bucket-allocator-block-count=8"
    "memorysetup-profiler-allocator-block-size=16777216"
    "memorysetup-profiler-editor-allocator-block-size=1048576"
    "memorysetup-temp-allocator-size-main=16777216"
    "memorysetup-job-temp-allocator-block-size=2097152"
    "memorysetup-job-temp-allocator-block-size-background=1048576"
    "memorysetup-job-temp-allocator-reduction-small-platforms=262144"
    "memorysetup-temp-allocator-size-background-worker=32768"
    "memorysetup-temp-allocator-size-job-worker=262144"
    "memorysetup-temp-allocator-size-preload-manager=33554432"
    "memorysetup-temp-allocator-size-nav-mesh-worker=65536"
    "memorysetup-temp-allocator-size-audio-worker=65536"
    "memorysetup-temp-allocator-size-cloud-worker=32768"
    "memorysetup-temp-allocator-size-gi-baking-worker=262144"
    "memorysetup-temp-allocator-size-gfx=262144"
Refreshing native plugins compatible for Editor in 51.18 ms, found 2 plugins.
Preloading 0 native plugins for Editor in 0.00 ms.
Initialize engine version: 2021.2.13f1 (90b6766da538)
[Subsystems] Discovering subsystems at path C:/Unity/2021.2.13f1/Editor/Data/Resources/UnitySubsystems
[Subsystems] Discovering subsystems at path E:/Intership-unity/InternshipAI/Assets
GfxDevice: creating device client; threaded=0; jobified=0
Direct3D:
    Version:  Direct3D 11.0 [level 11.1]
    Renderer: NVIDIA GeForce RTX 2080 SUPER (ID=0x1e81)
    Vendor:   NVIDIA
    VRAM:     8010 MB
    Driver:   30.0.15.1179
Initialize mono
Mono path[0] = 'C:/Unity/2021.2.13f1/Editor/Data/Managed'
Mono path[1] = 'C:/Unity/2021.2.13f1/Editor/Data/MonoBleedingEdge/lib/mono/unityjit-win32'
Mono config path = 'C:/Unity/2021.2.13f1/Editor/Data/MonoBleedingEdge/etc'
Using monoOptions --debugger-agent=transport=dt_socket,embedding=1,server=y,suspend=n,address=127.0.0.1:56584
Begin MonoManager ReloadAssembly
Registering precompiled unity dll's ...
Register platform support module: C:/Unity/2021.2.13f1/Editor/Data/PlaybackEngines/WindowsStandaloneSupport/UnityEditor.WindowsStandalone.Extensions.dll
Register platform support module: C:/Unity/2021.2.13f1/Editor/Data/PlaybackEngines/MetroSupport/UnityEditor.UWP.Extensions.dll
Registered in 0.014282 seconds.
Native extension for UWP target not found
Native extension for WindowsStandalone target not found
Refreshing native plugins compatible for Editor in 45.68 ms, found 2 plugins.
Preloading 0 native plugins for Editor in 0.00 ms.
Mono: successfully reloaded assembly
- Completed reload, in  0.952 seconds
Domain Reload Profiling:
	ReloadAssembly (953ms)
		BeginReloadAssembly (122ms)
			ExecutionOrderSort (0ms)
			DisableScriptedObjects (0ms)
			BackupInstance (0ms)
			ReleaseScriptingObjects (0ms)
			CreateAndSetChildDomain (4ms)
		EndReloadAssembly (640ms)
			LoadAssemblies (116ms)
			RebuildTransferFunctionScriptingTraits (0ms)
			SetupTypeCache (152ms)
			ReleaseScriptCaches (0ms)
			RebuildScriptCaches (37ms)
			SetupLoadedEditorAssemblies (384ms)
				LogAssemblyErrors (0ms)
				InitializePlatformSupportModulesInManaged (10ms)
				SetLoadedEditorAssemblies (0ms)
				RefreshPlugins (46ms)
				BeforeProcessingInitializeOnLoad (2ms)
				ProcessInitializeOnLoadAttributes (245ms)
				ProcessInitializeOnLoadMethodAttributes (81ms)
				AfterProcessingInitializeOnLoad (0ms)
				EditorAssembliesLoaded (0ms)
			ExecutionOrderSort2 (0ms)
			AwakeInstancesAfterBackupRestoration (0ms)
Platform modules already initialized, skipping
Registering precompiled user dll's ...
Registered in 0.002137 seconds.
Begin MonoManager ReloadAssembly
Native extension for UWP target not found
Native extension for WindowsStandalone target not found
Refreshing native plugins compatible for Editor in 35.22 ms, found 2 plugins.
Preloading 0 native plugins for Editor in 0.00 ms.
Mono: successfully reloaded assembly
- Completed reload, in  1.267 seconds
Domain Reload Profiling:
	ReloadAssembly (1268ms)
		BeginReloadAssembly (177ms)
			ExecutionOrderSort (0ms)
			DisableScriptedObjects (6ms)
			BackupInstance (0ms)
			ReleaseScriptingObjects (0ms)
			CreateAndSetChildDomain (40ms)
		EndReloadAssembly (932ms)
			LoadAssemblies (111ms)
			RebuildTransferFunctionScriptingTraits (0ms)
			SetupTypeCache (242ms)
			ReleaseScriptCaches (0ms)
			RebuildScriptCaches (62ms)
			SetupLoadedEditorAssemblies (469ms)
				LogAssemblyErrors (0ms)
				InitializePlatformSupportModulesInManaged (8ms)
				SetLoadedEditorAssemblies (0ms)
				RefreshPlugins (35ms)
				BeforeProcessingInitializeOnLoad (59ms)
				ProcessInitializeOnLoadAttributes (328ms)
				ProcessInitializeOnLoadMethodAttributes (31ms)
				AfterProcessingInitializeOnLoad (8ms)
				EditorAssembliesLoaded (0ms)
			ExecutionOrderSort2 (0ms)
			AwakeInstancesAfterBackupRestoration (8ms)
Platform modules already initialized, skipping
========================================================================
Worker process is ready to serve import requests
Launched and connected shader compiler UnityShaderCompiler.exe after 0.11 seconds
Refreshing native plugins compatible for Editor in 0.77 ms, found 2 plugins.
Preloading 0 native plugins for Editor in 0.00 ms.
Unloading 1924 Unused Serialized files (Serialized files now loaded: 0)
Unloading 19 unused Assets / (48.4 KB). Loaded Objects now: 2392.
Memory consumption went from 82.5 MB to 82.5 MB.
Total: 3.707600 ms (FindLiveObjects: 0.325500 ms CreateObjectMapping: 0.147800 ms MarkObjects: 3.077200 ms  DeleteObjects: 0.155400 ms)

AssetImportParameters requested are different than current active one (requested -> active):
  custom:video-decoder-ogg-theora: a1e56fd34408186e4bbccfd4996cb3dc -> 
  custom:container-muxer-webm: aa71ff27fc2769a1b78a27578f13a17b -> 
  custom:container-demuxer-webm: 4f35f7cbe854078d1ac9338744f61a02 -> 
  custom:video-encoder-webm-vp8: eb34c28f22e8b96e1ab97ce403110664 -> 
  custom:audio-encoder-webm-vorbis: bf7c407c2cedff20999df2af8eb42d56 -> 
  custom:framework-win-MediaFoundation: 216162199b28c13a410421893ffa2e32 -> 
  custom:container-demuxer-ogg: 62fdf1f143b41e24485cea50d1cbac27 -> 
  custom:video-decoder-webm-vp8: 9c59270c3fd7afecdb556c50c9e8de78 -> 
  custom:audio-decoder-ogg-vorbis: bf7c407c2cedff20999df2af8eb42d56 -> 
========================================================================
Received Prepare
Registering precompiled user dll's ...
Registered in 0.001872 seconds.
Begin MonoManager ReloadAssembly
Native extension for UWP target not found
Native extension for WindowsStandalone target not found
Refreshing native plugins compatible for Editor in 0.66 ms, found 2 plugins.
Preloading 0 native plugins for Editor in 0.00 ms.
Mono: successfully reloaded assembly
- Completed reload, in  1.385 seconds
Domain Reload Profiling:
	ReloadAssembly (1386ms)
		BeginReloadAssembly (185ms)
			ExecutionOrderSort (0ms)
			DisableScriptedObjects (7ms)
			BackupInstance (0ms)
			ReleaseScriptingObjects (0ms)
			CreateAndSetChildDomain (49ms)
		EndReloadAssembly (1056ms)
			LoadAssemblies (115ms)
			RebuildTransferFunctionScriptingTraits (0ms)
			SetupTypeCache (295ms)
			ReleaseScriptCaches (1ms)
			RebuildScriptCaches (58ms)
			SetupLoadedEditorAssemblies (532ms)
				LogAssemblyErrors (0ms)
				InitializePlatformSupportModulesInManaged (17ms)
				SetLoadedEditorAssemblies (0ms)
				RefreshPlugins (1ms)
				BeforeProcessingInitializeOnLoad (56ms)
				ProcessInitializeOnLoadAttributes (390ms)
				ProcessInitializeOnLoadMethodAttributes (48ms)
				AfterProcessingInitializeOnLoad (20ms)
				EditorAssembliesLoaded (0ms)
			ExecutionOrderSort2 (0ms)
			AwakeInstancesAfterBackupRestoration (15ms)
Platform modules already initialized, skipping
Refreshing native plugins compatible for Editor in 2.35 ms, found 2 plugins.
Preloading 0 native plugins for Editor in 0.00 ms.
Unloading 1917 Unused Serialized files (Serialized files now loaded: 0)
Unloading 10 unused Assets / (24.6 KB). Loaded Objects now: 2394.
Memory consumption went from 82.2 MB to 82.2 MB.
Total: 15.771900 ms (FindLiveObjects: 6.278700 ms CreateObjectMapping: 0.490500 ms MarkObjects: 8.948700 ms  DeleteObjects: 0.049600 ms)

AssetImportParameters requested are different than current active one (requested -> active):
  custom:video-decoder-ogg-theora: a1e56fd34408186e4bbccfd4996cb3dc -> 
  custom:container-muxer-webm: aa71ff27fc2769a1b78a27578f13a17b -> 
  custom:container-demuxer-webm: 4f35f7cbe854078d1ac9338744f61a02 -> 
  custom:video-encoder-webm-vp8: eb34c28f22e8b96e1ab97ce403110664 -> 
  custom:audio-encoder-webm-vorbis: bf7c407c2cedff20999df2af8eb42d56 -> 
  custom:framework-win-MediaFoundation: 216162199b28c13a410421893ffa2e32 -> 
  custom:container-demuxer-ogg: 62fdf1f143b41e24485cea50d1cbac27 -> 
  custom:video-decoder-webm-vp8: 9c59270c3fd7afecdb556c50c9e8de78 -> 
  custom:audio-decoder-ogg-vorbis: bf7c407c2cedff20999df2af8eb42d56 -> 
========================================================================
Received Import Request.
  Time since last request: 51471.714778 seconds.
  path: Assets/Scripts/Enemies/BehaviorTree/Node Subclasses/Decorators/RepeatXtimes.cs
  artifactKey: Guid(714122e80e65d424ba5b7ff8d71edeae) Importer(815301076,1909f56bfc062723c751e8b465ee728b)
Start importing Assets/Scripts/Enemies/BehaviorTree/Node Subclasses/Decorators/RepeatXtimes.cs using Guid(714122e80e65d424ba5b7ff8d71edeae) Importer(815301076,1909f56bfc062723c751e8b465ee728b)  -> (artifact id: '2e8d891de1d782acab5de980d4789b60') in 0.045024 seconds 
========================================================================
Received Import Request.
  Time since last request: 207.274831 seconds.
  path: Assets/Scripts/Enemies/BehaviorTree/Node Subclasses/Decorators/RepeatXtimes.cs
  artifactKey: Guid(714122e80e65d424ba5b7ff8d71edeae) Importer(815301076,1909f56bfc062723c751e8b465ee728b)
Start importing Assets/Scripts/Enemies/BehaviorTree/Node Subclasses/Decorators/RepeatXtimes.cs using Guid(714122e80e65d424ba5b7ff8d71edeae) Importer(815301076,1909f56bfc062723c751e8b465ee728b)  -> (artifact id: 'c78b398e4658664d224241260c27be5f') in 0.003515 seconds 
========================================================================
Received Prepare
Registering precompiled user dll's ...
Registered in 0.001430 seconds.
Begin MonoManager ReloadAssembly
Native extension for UWP target not found
Native extension for WindowsStandalone target not found
Refreshing native plugins compatible for Editor in 0.72 ms, found 2 plugins.
Preloading 0 native plugins for Editor in 0.00 ms.
Mono: successfully reloaded assembly
- Completed reload, in  1.032 seconds
Domain Reload Profiling:
	ReloadAssembly (1033ms)
		BeginReloadAssembly (157ms)
			ExecutionOrderSort (0ms)
			DisableScriptedObjects (6ms)
			BackupInstance (0ms)
			ReleaseScriptingObjects (0ms)
			CreateAndSetChildDomain (38ms)
		EndReloadAssembly (774ms)
			LoadAssemblies (108ms)
			RebuildTransferFunctionScriptingTraits (0ms)
			SetupTypeCache (218ms)
			ReleaseScriptCaches (3ms)
			RebuildScriptCaches (55ms)
			SetupLoadedEditorAssemblies (365ms)
				LogAssemblyErrors (0ms)
				InitializePlatformSupportModulesInManaged (14ms)
				SetLoadedEditorAssemblies (1ms)
				RefreshPlugins (1ms)
				BeforeProcessingInitializeOnLoad (58ms)
				ProcessInitializeOnLoadAttributes (251ms)
				ProcessInitializeOnLoadMethodAttributes (29ms)
				AfterProcessingInitializeOnLoad (11ms)
				EditorAssembliesLoaded (0ms)
			ExecutionOrderSort2 (0ms)
			AwakeInstancesAfterBackupRestoration (7ms)
Platform modules already initialized, skipping
Refreshing native plugins compatible for Editor in 1.38 ms, found 2 plugins.
Preloading 0 native plugins for Editor in 0.00 ms.
Unloading 1917 Unused Serialized files (Serialized files now loaded: 0)
Unloading 10 unused Assets / (24.7 KB). Loaded Objects now: 2396.
Memory consumption went from 82.2 MB to 82.2 MB.
Total: 4.004600 ms (FindLiveObjects: 0.429600 ms CreateObjectMapping: 0.330100 ms MarkObjects: 3.196400 ms  DeleteObjects: 0.046300 ms)

AssetImportParameters requested are different than current active one (requested -> active):
  custom:video-decoder-ogg-theora: a1e56fd34408186e4bbccfd4996cb3dc -> 
  custom:container-muxer-webm: aa71ff27fc2769a1b78a27578f13a17b -> 
  custom:container-demuxer-webm: 4f35f7cbe854078d1ac9338744f61a02 -> 
  custom:video-encoder-webm-vp8: eb34c28f22e8b96e1ab97ce403110664 -> 
  custom:audio-encoder-webm-vorbis: bf7c407c2cedff20999df2af8eb42d56 -> 
  custom:framework-win-MediaFoundation: 216162199b28c13a410421893ffa2e32 -> 
  custom:container-demuxer-ogg: 62fdf1f143b41e24485cea50d1cbac27 -> 
  custom:video-decoder-webm-vp8: 9c59270c3fd7afecdb556c50c9e8de78 -> 
  custom:audio-decoder-ogg-vorbis: bf7c407c2cedff20999df2af8eb42d56 -> 
========================================================================
Received Prepare
Registering precompiled user dll's ...
Registered in 0.001611 seconds.
Begin MonoManager ReloadAssembly
Native extension for UWP target not found
Native extension for WindowsStandalone target not found
Refreshing native plugins compatible for Editor in 0.67 ms, found 2 plugins.
Preloading 0 native plugins for Editor in 0.00 ms.
Mono: successfully reloaded assembly
- Completed reload, in  0.992 seconds
Domain Reload Profiling:
	ReloadAssembly (993ms)
		BeginReloadAssembly (141ms)
			ExecutionOrderSort (0ms)
			DisableScriptedObjects (7ms)
			BackupInstance (0ms)
			ReleaseScriptingObjects (0ms)
			CreateAndSetChildDomain (36ms)
		EndReloadAssembly (746ms)
			LoadAssemblies (86ms)
			RebuildTransferFunctionScriptingTraits (0ms)
			SetupTypeCache (203ms)
			ReleaseScriptCaches (1ms)
			RebuildScriptCaches (49ms)
			SetupLoadedEditorAssemblies (364ms)
				LogAssemblyErrors (0ms)
				InitializePlatformSupportModulesInManaged (15ms)
				SetLoadedEditorAssemblies (1ms)
				RefreshPlugins (1ms)
				BeforeProcessingInitializeOnLoad (56ms)
				ProcessInitializeOnLoadAttributes (250ms)
				ProcessInitializeOnLoadMethodAttributes (33ms)
				AfterProcessingInitializeOnLoad (8ms)
				EditorAssembliesLoaded (0ms)
			ExecutionOrderSort2 (0ms)
			AwakeInstancesAfterBackupRestoration (7ms)
Platform modules already initialized, skipping
Refreshing native plugins compatible for Editor in 0.92 ms, found 2 plugins.
Preloading 0 native plugins for Editor in 0.00 ms.
Unloading 1917 Unused Serialized files (Serialized files now loaded: 0)
Unloading 10 unused Assets / (24.7 KB). Loaded Objects now: 2398.
Memory consumption went from 82.3 MB to 82.2 MB.
Total: 3.520500 ms (FindLiveObjects: 0.339700 ms CreateObjectMapping: 0.131100 ms MarkObjects: 3.025600 ms  DeleteObjects: 0.021500 ms)

AssetImportParameters requested are different than current active one (requested -> active):
  custom:video-decoder-ogg-theora: a1e56fd34408186e4bbccfd4996cb3dc -> 
  custom:container-muxer-webm: aa71ff27fc2769a1b78a27578f13a17b -> 
  custom:container-demuxer-webm: 4f35f7cbe854078d1ac9338744f61a02 -> 
  custom:video-encoder-webm-vp8: eb34c28f22e8b96e1ab97ce403110664 -> 
  custom:audio-encoder-webm-vorbis: bf7c407c2cedff20999df2af8eb42d56 -> 
  custom:framework-win-MediaFoundation: 216162199b28c13a410421893ffa2e32 -> 
  custom:container-demuxer-ogg: 62fdf1f143b41e24485cea50d1cbac27 -> 
  custom:video-decoder-webm-vp8: 9c59270c3fd7afecdb556c50c9e8de78 -> 
  custom:audio-decoder-ogg-vorbis: bf7c407c2cedff20999df2af8eb42d56 -> 
========================================================================
Received Import Request.
  Time since last request: 676.820184 seconds.
  path: Assets/Bair Examples/ex#5/enemy ex#5.prefab
  artifactKey: Guid(08ff2671b88b8704d89fd0feb21b02c2) Importer(815301076,1909f56bfc062723c751e8b465ee728b)
Start importing Assets/Bair Examples/ex#5/enemy ex#5.prefab using Guid(08ff2671b88b8704d89fd0feb21b02c2) Importer(815301076,1909f56bfc062723c751e8b465ee728b) Tried select unknown importer for id '-2' '00000000000000000000000000000000'
 -> (artifact id: '95e0864d1e5d9fd88386350e8587264c') in 0.217142 seconds 
========================================================================
Received Import Request.
  Time since last request: 1063.313332 seconds.
  path: Assets/Bair Examples/ex#6
  artifactKey: Guid(a8b2a16b97bb8db43927ee37af14d080) Importer(815301076,1909f56bfc062723c751e8b465ee728b)
Start importing Assets/Bair Examples/ex#6 using Guid(a8b2a16b97bb8db43927ee37af14d080) Importer(815301076,1909f56bfc062723c751e8b465ee728b)  -> (artifact id: '0cc3f76d79dbbb057436969f3248274d') in 0.005342 seconds 
========================================================================
Received Import Request.
  Time since last request: 83.531561 seconds.
  path: Assets/Bair Examples/ex#6/warrok_w_kurniawan.fbx
  artifactKey: Guid(8b86485b2fb63134686f63a179214a95) Importer(815301076,1909f56bfc062723c751e8b465ee728b)
Start importing Assets/Bair Examples/ex#6/warrok_w_kurniawan.fbx using Guid(8b86485b2fb63134686f63a179214a95) Importer(815301076,1909f56bfc062723c751e8b465ee728b)  -> (artifact id: 'ee246816d7d7361a0b19abc165a3687d') in 0.347042 seconds 
========================================================================
Received Import Request.
  Time since last request: 20.755671 seconds.
  path: Assets/Bair Examples/ex#6/warrok_w_kurniawan.fbx
  artifactKey: Guid(8b86485b2fb63134686f63a179214a95) Importer(815301076,1909f56bfc062723c751e8b465ee728b)
Start importing Assets/Bair Examples/ex#6/warrok_w_kurniawan.fbx using Guid(8b86485b2fb63134686f63a179214a95) Importer(815301076,1909f56bfc062723c751e8b465ee728b)  -> (artifact id: 'd3b4168ca88f199aae36694e7075e152') in 0.268993 seconds 
========================================================================
Received Import Request.
  Time since last request: 0.004324 seconds.
  path: Assets/Bair Examples/ex#6/bear_specular.png
  artifactKey: Guid(2a1f1c4a837f61546aae20fec25fdfa0) Importer(815301076,1909f56bfc062723c751e8b465ee728b)
Start importing Assets/Bair Examples/ex#6/bear_specular.png using Guid(2a1f1c4a837f61546aae20fec25fdfa0) Importer(815301076,1909f56bfc062723c751e8b465ee728b)  -> (artifact id: 'a289f0b516f9f0a426688e4671dd711a') in 0.065036 seconds 
========================================================================
Received Import Request.
  Time since last request: 0.000034 seconds.
  path: Assets/Bair Examples/ex#6/bear_normal.png
  artifactKey: Guid(f3c09e86bff809f4eb3bf5cea29d8a76) Importer(815301076,1909f56bfc062723c751e8b465ee728b)
Start importing Assets/Bair Examples/ex#6/bear_normal.png using Guid(f3c09e86bff809f4eb3bf5cea29d8a76) Importer(815301076,1909f56bfc062723c751e8b465ee728b)  -> (artifact id: '6eec91bbd14e14e49fe025cb1db7e751') in 0.032734 seconds 
========================================================================
Received Import Request.
  Time since last request: 0.000054 seconds.
  path: Assets/Bair Examples/ex#6/bear_diffuse.png
  artifactKey: Guid(4d7f3c0a83d2b2e4e9df943cf79fe62a) Importer(815301076,1909f56bfc062723c751e8b465ee728b)
Start importing Assets/Bair Examples/ex#6/bear_diffuse.png using Guid(4d7f3c0a83d2b2e4e9df943cf79fe62a) Importer(815301076,1909f56bfc062723c751e8b465ee728b)  -> (artifact id: 'a3bbd8a7cd71efdd7cd82df63df38f71') in 0.025972 seconds 
========================================================================
Received Import Request.
  Time since last request: 3.829316 seconds.
  path: Assets/Bair Examples/ex#6/bear_normal.png
  artifactKey: Guid(f3c09e86bff809f4eb3bf5cea29d8a76) Importer(815301076,1909f56bfc062723c751e8b465ee728b)
Start importing Assets/Bair Examples/ex#6/bear_normal.png using Guid(f3c09e86bff809f4eb3bf5cea29d8a76) Importer(815301076,1909f56bfc062723c751e8b465ee728b)  -> (artifact id: '9fb5ab62a0995ee2fa7f326ebab19042') in 0.028565 seconds 
========================================================================
Received Import Request.
  Time since last request: 16.058292 seconds.
  path: Assets/Bair Examples/ex#6/bear_alpha 1.png
  artifactKey: Guid(75b73ed0c4c05ac449ef965953abd657) Importer(815301076,1909f56bfc062723c751e8b465ee728b)
Start importing Assets/Bair Examples/ex#6/bear_alpha 1.png using Guid(75b73ed0c4c05ac449ef965953abd657) Importer(815301076,1909f56bfc062723c751e8b465ee728b)  -> (artifact id: '46950bf1e908bf0a996a7968cc0289af') in 0.026235 seconds 
========================================================================
Received Import Request.
  Time since last request: 0.000050 seconds.
  path: Assets/Bair Examples/ex#6/bear_specular 1.png
  artifactKey: Guid(3bec4bed79bb6d64c840fd523bf45df0) Importer(815301076,1909f56bfc062723c751e8b465ee728b)
Start importing Assets/Bair Examples/ex#6/bear_specular 1.png using Guid(3bec4bed79bb6d64c840fd523bf45df0) Importer(815301076,1909f56bfc062723c751e8b465ee728b)  -> (artifact id: 'afbb71cdfe5e621f2dd08364be2b220e') in 0.022182 seconds 
========================================================================
Received Import Request.
  Time since last request: 50.791347 seconds.
  path: Assets/Bair Examples/ex#6/bear_diffuse.png
  artifactKey: Guid(adb8fa2347391f2468f467deb79626dc) Importer(815301076,1909f56bfc062723c751e8b465ee728b)
Start importing Assets/Bair Examples/ex#6/bear_diffuse.png using Guid(adb8fa2347391f2468f467deb79626dc) Importer(815301076,1909f56bfc062723c751e8b465ee728b)  -> (artifact id: '7858063fcf3d91bdf79cdd18ac8450c8') in 0.032144 seconds 
========================================================================
Received Import Request.
  Time since last request: 12.703762 seconds.
  path: Assets/Bair Examples/ex#6/bear_normal.png
  artifactKey: Guid(7b82e4e446a1411448a2d341028334aa) Importer(815301076,1909f56bfc062723c751e8b465ee728b)
Start importing Assets/Bair Examples/ex#6/bear_normal.png using Guid(7b82e4e446a1411448a2d341028334aa) Importer(815301076,1909f56bfc062723c751e8b465ee728b)  -> (artifact id: 'bd475903ab6302021ebb33cd8a80f38f') in 0.026193 seconds 
========================================================================
Received Import Request.
  Time since last request: 4.321596 seconds.
  path: Assets/Bair Examples/ex#6/warrok_MAT.mat
  artifactKey: Guid(be5e09a9cd125094f9b09e14286f4b62) Importer(815301076,1909f56bfc062723c751e8b465ee728b)
Start importing Assets/Bair Examples/ex#6/warrok_MAT.mat using Guid(be5e09a9cd125094f9b09e14286f4b62) Importer(815301076,1909f56bfc062723c751e8b465ee728b)  -> (artifact id: '27cd68982a8478d44c78276efd75aa64') in 0.028126 seconds 
========================================================================
Received Prepare
Registering precompiled user dll's ...
Registered in 0.001606 seconds.
Begin MonoManager ReloadAssembly
Native extension for UWP target not found
Native extension for WindowsStandalone target not found
Refreshing native plugins compatible for Editor in 0.64 ms, found 2 plugins.
Preloading 0 native plugins for Editor in 0.00 ms.
Mono: successfully reloaded assembly
- Completed reload, in  1.159 seconds
Domain Reload Profiling:
	ReloadAssembly (1161ms)
		BeginReloadAssembly (154ms)
			ExecutionOrderSort (0ms)
			DisableScriptedObjects (5ms)
			BackupInstance (0ms)
			ReleaseScriptingObjects (0ms)
			CreateAndSetChildDomain (39ms)
		EndReloadAssembly (897ms)
			LoadAssemblies (94ms)
			RebuildTransferFunctionScriptingTraits (0ms)
			SetupTypeCache (243ms)
			ReleaseScriptCaches (2ms)
			RebuildScriptCaches (51ms)
			SetupLoadedEditorAssemblies (470ms)
				LogAssemblyErrors (0ms)
				InitializePlatformSupportModulesInManaged (16ms)
				SetLoadedEditorAssemblies (1ms)
				RefreshPlugins (1ms)
				BeforeProcessingInitializeOnLoad (62ms)
				ProcessInitializeOnLoadAttributes (342ms)
				ProcessInitializeOnLoadMethodAttributes (37ms)
				AfterProcessingInitializeOnLoad (11ms)
				EditorAssembliesLoaded (0ms)
			ExecutionOrderSort2 (0ms)
			AwakeInstancesAfterBackupRestoration (10ms)
Platform modules already initialized, skipping
Refreshing native plugins compatible for Editor in 3.03 ms, found 2 plugins.
Preloading 0 native plugins for Editor in 0.00 ms.
Unloading 1917 Unused Serialized files (Serialized files now loaded: 0)
Unloading 10 unused Assets / (24.7 KB). Loaded Objects now: 2447.
Memory consumption went from 99.6 MB to 99.6 MB.
Total: 3.871600 ms (FindLiveObjects: 0.219800 ms CreateObjectMapping: 0.088600 ms MarkObjects: 3.503200 ms  DeleteObjects: 0.058400 ms)

AssetImportParameters requested are different than current active one (requested -> active):
  custom:video-decoder-ogg-theora: a1e56fd34408186e4bbccfd4996cb3dc -> 
  custom:container-muxer-webm: aa71ff27fc2769a1b78a27578f13a17b -> 
  custom:container-demuxer-webm: 4f35f7cbe854078d1ac9338744f61a02 -> 
  custom:video-encoder-webm-vp8: eb34c28f22e8b96e1ab97ce403110664 -> 
  custom:audio-encoder-webm-vorbis: bf7c407c2cedff20999df2af8eb42d56 -> 
  custom:framework-win-MediaFoundation: 216162199b28c13a410421893ffa2e32 -> 
  custom:container-demuxer-ogg: 62fdf1f143b41e24485cea50d1cbac27 -> 
  custom:video-decoder-webm-vp8: 9c59270c3fd7afecdb556c50c9e8de78 -> 
  custom:audio-decoder-ogg-vorbis: bf7c407c2cedff20999df2af8eb42d56 -> 
========================================================================
Received Import Request.
  Time since last request: 53.073706 seconds.
  path: Assets/Bair Examples/ex#6/bear_alpha.png
  artifactKey: Guid(28fedf0b62baaa040a714f476a2b5ac1) Importer(815301076,1909f56bfc062723c751e8b465ee728b)
Start importing Assets/Bair Examples/ex#6/bear_alpha.png using Guid(28fedf0b62baaa040a714f476a2b5ac1) Importer(815301076,1909f56bfc062723c751e8b465ee728b)  -> (artifact id: '79ab77dc3e2cbcfa6c606b44dfe9bb0a') in 0.082793 seconds 
========================================================================
Received Import Request.
  Time since last request: 11.720261 seconds.
  path: Assets/Bair Examples/ex#6/bear_normal.png
  artifactKey: Guid(76c79587da6ddae44980a35c9e3a1339) Importer(815301076,1909f56bfc062723c751e8b465ee728b)
Start importing Assets/Bair Examples/ex#6/bear_normal.png using Guid(76c79587da6ddae44980a35c9e3a1339) Importer(815301076,1909f56bfc062723c751e8b465ee728b)  -> (artifact id: 'afd802a4e7f38412149408723b611877') in 0.034109 seconds 
========================================================================
Received Import Request.
  Time since last request: 17.889316 seconds.
  path: Assets/Bair Examples/ex#6/warrok_w_kurniawan.fbx
  artifactKey: Guid(8b86485b2fb63134686f63a179214a95) Importer(815301076,1909f56bfc062723c751e8b465ee728b)
Start importing Assets/Bair Examples/ex#6/warrok_w_kurniawan.fbx using Guid(8b86485b2fb63134686f63a179214a95) Importer(815301076,1909f56bfc062723c751e8b465ee728b)  -> (artifact id: 'b68b5d38015ef4a42716c8d07744fccc') in 0.093190 seconds 
========================================================================
Received Import Request.
  Time since last request: 664.576514 seconds.
  path: Assets/Bair Examples/ex#6/mutant breathing idle.fbx
  artifactKey: Guid(7105a5917992eba46b33a3a3dc44e8c5) Importer(815301076,1909f56bfc062723c751e8b465ee728b)
Start importing Assets/Bair Examples/ex#6/mutant breathing idle.fbx using Guid(7105a5917992eba46b33a3a3dc44e8c5) Importer(815301076,1909f56bfc062723c751e8b465ee728b)  -> (artifact id: '1417ce0b9f94f47a6d979d7fa2bc65ed') in 0.030409 seconds 
========================================================================
Received Import Request.
  Time since last request: 0.000058 seconds.
  path: Assets/Bair Examples/ex#6/mutant flexing muscles.fbx
  artifactKey: Guid(89eb7adbc337fa143b1c5ccd1cccef81) Importer(815301076,1909f56bfc062723c751e8b465ee728b)
Start importing Assets/Bair Examples/ex#6/mutant flexing muscles.fbx using Guid(89eb7adbc337fa143b1c5ccd1cccef81) Importer(815301076,1909f56bfc062723c751e8b465ee728b)  -> (artifact id: '89de2f7f8ee38e1b57e0c571b76417f0') in 0.027350 seconds 
========================================================================
Received Import Request.
  Time since last request: 171.815090 seconds.
  path: Assets/Bair Examples/ex#6/mutant right turn 45 (2).fbx
  artifactKey: Guid(42ca749ec6f6ef147af5afe6f70cc28c) Importer(815301076,1909f56bfc062723c751e8b465ee728b)
Start importing Assets/Bair Examples/ex#6/mutant right turn 45 (2).fbx using Guid(42ca749ec6f6ef147af5afe6f70cc28c) Importer(815301076,1909f56bfc062723c751e8b465ee728b)  -> (artifact id: '33aa79be42e01f280ae9f8dee46b6d18') in 0.009119 seconds 
========================================================================
Received Import Request.
  Time since last request: 0.000052 seconds.
  path: Assets/Bair Examples/ex#6/mutant right turn 45.fbx
  artifactKey: Guid(f69ff2c1900b72846b829d965528a6e7) Importer(815301076,1909f56bfc062723c751e8b465ee728b)
Start importing Assets/Bair Examples/ex#6/mutant right turn 45.fbx using Guid(f69ff2c1900b72846b829d965528a6e7) Importer(815301076,1909f56bfc062723c751e8b465ee728b)  -> (artifact id: 'baa10c1575976e9941a3edd3cb64000f') in 0.012151 seconds 
========================================================================
Received Import Request.
  Time since last request: 0.000038 seconds.
  path: Assets/Bair Examples/ex#6/mutant run.fbx
  artifactKey: Guid(6b2b6f6c0b7d3bb498064e29ab5a3daa) Importer(815301076,1909f56bfc062723c751e8b465ee728b)
Start importing Assets/Bair Examples/ex#6/mutant run.fbx using Guid(6b2b6f6c0b7d3bb498064e29ab5a3daa) Importer(815301076,1909f56bfc062723c751e8b465ee728b)  -> (artifact id: 'c2fd034db3fe2e74eac150ec20bc7eae') in 0.013333 seconds 
Editor requested this worker to shutdown with reason: Scaling down because of idle timeout
AssetImportWorker is now disconnected from the server
Process exiting
Exiting without the bug reporter. Application will terminate with return code 0