Using pre-set license
Built from '2021.2/staging' branch; Version is '2021.2.13f1 (90b6766da538) revision 9483894'; Using compiler version '192829333'; Build Type 'Release'
OS: 'Windows 10  (10.0.19042) 64bit Professional' Language: 'en' Physical Memory: 16317 MB
BatchMode: 1, IsHumanControllingUs: 0, StartBugReporterOnCrash: 0, Is64bit: 1, IsPro: 1

COMMAND LINE ARGUMENTS:
C:\Unity\2021.2.13f1\Editor\Unity.exe
-adb2
-batchMode
-noUpm
-name
AssetImportWorker4
-projectPath
E:/Intership-unity/InternshipAI
-logFile
Logs/AssetImportWorker4.log
-srvPort
57591
Successfully changed project path to: E:/Intership-unity/InternshipAI
E:/Intership-unity/InternshipAI
[UnityMemory] Configuration Parameters - Can be set up in boot.config
    "memorysetup-bucket-allocator-granularity=16"
    "memorysetup-bucket-allocator-bucket-count=8"
    "memorysetup-bucket-allocator-block-size=33554432"
    "memorysetup-bucket-allocator-block-count=8"
    "memorysetup-main-allocator-block-size=16777216"
    "memorysetup-thread-allocator-block-size=16777216"
    "memorysetup-gfx-main-allocator-block-size=16777216"
    "memorysetup-gfx-thread-allocator-block-size=16777216"
    "memorysetup-cache-allocator-block-size=4194304"
    "memorysetup-typetree-allocator-block-size=2097152"
    "memorysetup-profiler-bucket-allocator-granularity=16"
    "memorysetup-profiler-bucket-allocator-bucket-count=8"
    "memorysetup-profiler-bucket-allocator-block-size=33554432"
    "memorysetup-profiler-bucket-allocator-block-count=8"
    "memorysetup-profiler-allocator-block-size=16777216"
    "memorysetup-profiler-editor-allocator-block-size=1048576"
    "memorysetup-temp-allocator-size-main=16777216"
    "memorysetup-job-temp-allocator-block-size=2097152"
    "memorysetup-job-temp-allocator-block-size-background=1048576"
    "memorysetup-job-temp-allocator-reduction-small-platforms=262144"
    "memorysetup-temp-allocator-size-background-worker=32768"
    "memorysetup-temp-allocator-size-job-worker=262144"
    "memorysetup-temp-allocator-size-preload-manager=33554432"
    "memorysetup-temp-allocator-size-nav-mesh-worker=65536"
    "memorysetup-temp-allocator-size-audio-worker=65536"
    "memorysetup-temp-allocator-size-cloud-worker=32768"
    "memorysetup-temp-allocator-size-gi-baking-worker=262144"
    "memorysetup-temp-allocator-size-gfx=262144"
Refreshing native plugins compatible for Editor in 30.88 ms, found 2 plugins.
Preloading 0 native plugins for Editor in 0.00 ms.
Initialize engine version: 2021.2.13f1 (90b6766da538)
[Subsystems] Discovering subsystems at path C:/Unity/2021.2.13f1/Editor/Data/Resources/UnitySubsystems
[Subsystems] Discovering subsystems at path E:/Intership-unity/InternshipAI/Assets
GfxDevice: creating device client; threaded=0; jobified=0
Direct3D:
    Version:  Direct3D 11.0 [level 11.1]
    Renderer: NVIDIA GeForce RTX 2080 SUPER (ID=0x1e81)
    Vendor:   NVIDIA
    VRAM:     8010 MB
    Driver:   30.0.15.1179
Initialize mono
Mono path[0] = 'C:/Unity/2021.2.13f1/Editor/Data/Managed'
Mono path[1] = 'C:/Unity/2021.2.13f1/Editor/Data/MonoBleedingEdge/lib/mono/unityjit-win32'
Mono config path = 'C:/Unity/2021.2.13f1/Editor/Data/MonoBleedingEdge/etc'
Using monoOptions --debugger-agent=transport=dt_socket,embedding=1,server=y,suspend=n,address=127.0.0.1:56432
Begin MonoManager ReloadAssembly
Registering precompiled unity dll's ...
Register platform support module: C:/Unity/2021.2.13f1/Editor/Data/PlaybackEngines/WindowsStandaloneSupport/UnityEditor.WindowsStandalone.Extensions.dll
Register platform support module: C:/Unity/2021.2.13f1/Editor/Data/PlaybackEngines/MetroSupport/UnityEditor.UWP.Extensions.dll
Registered in 0.005878 seconds.
Native extension for UWP target not found
Native extension for WindowsStandalone target not found
Refreshing native plugins compatible for Editor in 28.99 ms, found 2 plugins.
Preloading 0 native plugins for Editor in 0.00 ms.
Mono: successfully reloaded assembly
- Completed reload, in  0.637 seconds
Domain Reload Profiling:
	ReloadAssembly (638ms)
		BeginReloadAssembly (78ms)
			ExecutionOrderSort (0ms)
			DisableScriptedObjects (0ms)
			BackupInstance (0ms)
			ReleaseScriptingObjects (0ms)
			CreateAndSetChildDomain (1ms)
		EndReloadAssembly (444ms)
			LoadAssemblies (76ms)
			RebuildTransferFunctionScriptingTraits (0ms)
			SetupTypeCache (112ms)
			ReleaseScriptCaches (0ms)
			RebuildScriptCaches (32ms)
			SetupLoadedEditorAssemblies (240ms)
				LogAssemblyErrors (0ms)
				InitializePlatformSupportModulesInManaged (8ms)
				SetLoadedEditorAssemblies (0ms)
				RefreshPlugins (29ms)
				BeforeProcessingInitializeOnLoad (2ms)
				ProcessInitializeOnLoadAttributes (154ms)
				ProcessInitializeOnLoadMethodAttributes (46ms)
				AfterProcessingInitializeOnLoad (0ms)
				EditorAssembliesLoaded (0ms)
			ExecutionOrderSort2 (0ms)
			AwakeInstancesAfterBackupRestoration (0ms)
Platform modules already initialized, skipping
Registering precompiled user dll's ...
Registered in 0.002105 seconds.
Begin MonoManager ReloadAssembly
Native extension for UWP target not found
Native extension for WindowsStandalone target not found
Refreshing native plugins compatible for Editor in 28.84 ms, found 2 plugins.
Preloading 0 native plugins for Editor in 0.00 ms.
Mono: successfully reloaded assembly
- Completed reload, in  1.003 seconds
Domain Reload Profiling:
	ReloadAssembly (1004ms)
		BeginReloadAssembly (119ms)
			ExecutionOrderSort (0ms)
			DisableScriptedObjects (6ms)
			BackupInstance (0ms)
			ReleaseScriptingObjects (0ms)
			CreateAndSetChildDomain (23ms)
		EndReloadAssembly (767ms)
			LoadAssemblies (73ms)
			RebuildTransferFunctionScriptingTraits (0ms)
			SetupTypeCache (196ms)
			ReleaseScriptCaches (1ms)
			RebuildScriptCaches (59ms)
			SetupLoadedEditorAssemblies (394ms)
				LogAssemblyErrors (0ms)
				InitializePlatformSupportModulesInManaged (6ms)
				SetLoadedEditorAssemblies (0ms)
				RefreshPlugins (29ms)
				BeforeProcessingInitializeOnLoad (51ms)
				ProcessInitializeOnLoadAttributes (275ms)
				ProcessInitializeOnLoadMethodAttributes (25ms)
				AfterProcessingInitializeOnLoad (8ms)
				EditorAssembliesLoaded (0ms)
			ExecutionOrderSort2 (0ms)
			AwakeInstancesAfterBackupRestoration (7ms)
Platform modules already initialized, skipping
========================================================================
Worker process is ready to serve import requests
Launched and connected shader compiler UnityShaderCompiler.exe after 0.08 seconds
Refreshing native plugins compatible for Editor in 0.40 ms, found 2 plugins.
Preloading 0 native plugins for Editor in 0.00 ms.
Unloading 1924 Unused Serialized files (Serialized files now loaded: 0)
Unloading 19 unused Assets / (48.4 KB). Loaded Objects now: 2392.
Memory consumption went from 82.5 MB to 82.4 MB.
Total: 4.285400 ms (FindLiveObjects: 0.315200 ms CreateObjectMapping: 0.098700 ms MarkObjects: 3.739100 ms  DeleteObjects: 0.127000 ms)

AssetImportParameters requested are different than current active one (requested -> active):
  custom:video-decoder-ogg-theora: a1e56fd34408186e4bbccfd4996cb3dc -> 
  custom:container-muxer-webm: aa71ff27fc2769a1b78a27578f13a17b -> 
  custom:container-demuxer-webm: 4f35f7cbe854078d1ac9338744f61a02 -> 
  custom:video-encoder-webm-vp8: eb34c28f22e8b96e1ab97ce403110664 -> 
  custom:audio-encoder-webm-vorbis: bf7c407c2cedff20999df2af8eb42d56 -> 
  custom:framework-win-MediaFoundation: 216162199b28c13a410421893ffa2e32 -> 
  custom:container-demuxer-ogg: 62fdf1f143b41e24485cea50d1cbac27 -> 
  custom:video-decoder-webm-vp8: 9c59270c3fd7afecdb556c50c9e8de78 -> 
  custom:audio-decoder-ogg-vorbis: bf7c407c2cedff20999df2af8eb42d56 -> 
========================================================================
Received Import Request.
  Time since last request: 53528.300135 seconds.
  path: Assets/Bair Examples/ex#6/warrok_w_kurniawan.fbx
  artifactKey: Guid(8b86485b2fb63134686f63a179214a95) Importer(815301076,1909f56bfc062723c751e8b465ee728b)
Start importing Assets/Bair Examples/ex#6/warrok_w_kurniawan.fbx using Guid(8b86485b2fb63134686f63a179214a95) Importer(815301076,1909f56bfc062723c751e8b465ee728b)  -> (artifact id: 'ba3a6a3fe85005bb255320765e87f4ba') in 0.271389 seconds 
========================================================================
Received Import Request.
  Time since last request: 9.096082 seconds.
  path: Assets/Bair Examples/ex#6/warrok_w_kurniawan.fbx
  artifactKey: Guid(8b86485b2fb63134686f63a179214a95) Importer(815301076,1909f56bfc062723c751e8b465ee728b)
Start importing Assets/Bair Examples/ex#6/warrok_w_kurniawan.fbx using Guid(8b86485b2fb63134686f63a179214a95) Importer(815301076,1909f56bfc062723c751e8b465ee728b)  -> (artifact id: '45ca37714dd0cace8463ec8170706266') in 0.040267 seconds 
========================================================================
Received Import Request.
  Time since last request: 0.000176 seconds.
  path: Assets/Bair Examples/ex#6/warrok_MAT.mat
  artifactKey: Guid(be5e09a9cd125094f9b09e14286f4b62) Importer(815301076,1909f56bfc062723c751e8b465ee728b)
Start importing Assets/Bair Examples/ex#6/warrok_MAT.mat using Guid(be5e09a9cd125094f9b09e14286f4b62) Importer(815301076,1909f56bfc062723c751e8b465ee728b)  -> (artifact id: '560ac46d2768c2319e79058e06cf05d3') in 0.028498 seconds 
========================================================================
Received Import Request.
  Time since last request: 6.622086 seconds.
  path: Assets/Bair Examples/ex#6/warrok_w_kurniawan.fbx
  artifactKey: Guid(8b86485b2fb63134686f63a179214a95) Importer(815301076,1909f56bfc062723c751e8b465ee728b)
Start importing Assets/Bair Examples/ex#6/warrok_w_kurniawan.fbx using Guid(8b86485b2fb63134686f63a179214a95) Importer(815301076,1909f56bfc062723c751e8b465ee728b)  -> (artifact id: 'd6c6549aa2d51ae8f8c66aafd8834301') in 0.056430 seconds 
========================================================================
Received Import Request.
  Time since last request: 0.000044 seconds.
  path: Assets/Bair Examples/ex#6/bear_normal 1.png
  artifactKey: Guid(f427bdd08875fcf40b278ad1b5f2000c) Importer(815301076,1909f56bfc062723c751e8b465ee728b)
Start importing Assets/Bair Examples/ex#6/bear_normal 1.png using Guid(f427bdd08875fcf40b278ad1b5f2000c) Importer(815301076,1909f56bfc062723c751e8b465ee728b)  -> (artifact id: '4404d80e0dd2aecd86c49b25634f10e8') in 0.056326 seconds 
========================================================================
Received Import Request.
  Time since last request: 30.915814 seconds.
  path: Assets/Bair Examples/ex#6/warrok_w_kurniawan.fbx
  artifactKey: Guid(8b86485b2fb63134686f63a179214a95) Importer(815301076,1909f56bfc062723c751e8b465ee728b)
Start importing Assets/Bair Examples/ex#6/warrok_w_kurniawan.fbx using Guid(8b86485b2fb63134686f63a179214a95) Importer(815301076,1909f56bfc062723c751e8b465ee728b)  -> (artifact id: '78ae4cf7f552d60ec90d599c0970945f') in 0.037040 seconds 
========================================================================
Received Import Request.
  Time since last request: 19.749768 seconds.
  path: Assets/Bair Examples/ex#6/warrok_w_kurniawan.fbx
  artifactKey: Guid(8b86485b2fb63134686f63a179214a95) Importer(815301076,1909f56bfc062723c751e8b465ee728b)
Start importing Assets/Bair Examples/ex#6/warrok_w_kurniawan.fbx using Guid(8b86485b2fb63134686f63a179214a95) Importer(815301076,1909f56bfc062723c751e8b465ee728b)  -> (artifact id: '6828a20d6a43d4fa0464116087f18f41') in 0.043142 seconds 
========================================================================
Received Import Request.
  Time since last request: 0.008339 seconds.
  path: Assets/Bair Examples/ex#6/bear_alpha.png
  artifactKey: Guid(e7b9e7f7732183c43a01d42e1f4be5e7) Importer(815301076,1909f56bfc062723c751e8b465ee728b)
Start importing Assets/Bair Examples/ex#6/bear_alpha.png using Guid(e7b9e7f7732183c43a01d42e1f4be5e7) Importer(815301076,1909f56bfc062723c751e8b465ee728b)  -> (artifact id: '21c8aa3f4737e06a5f05b81db7a72ca1') in 0.024093 seconds 
========================================================================
Received Import Request.
  Time since last request: 0.000026 seconds.
  path: Assets/Bair Examples/ex#6/bear_specular.png
  artifactKey: Guid(c0045bd76e62bbc468a53f58ca3df902) Importer(815301076,1909f56bfc062723c751e8b465ee728b)
Start importing Assets/Bair Examples/ex#6/bear_specular.png using Guid(c0045bd76e62bbc468a53f58ca3df902) Importer(815301076,1909f56bfc062723c751e8b465ee728b)  -> (artifact id: '4fc76b6adfcdfca5d94179a6e32d6996') in 0.017324 seconds 
========================================================================
Received Import Request.
  Time since last request: 12.681959 seconds.
  path: Assets/Bair Examples/ex#6/warrok_w_kurniawan.fbx
  artifactKey: Guid(8b86485b2fb63134686f63a179214a95) Importer(815301076,1909f56bfc062723c751e8b465ee728b)
Start importing Assets/Bair Examples/ex#6/warrok_w_kurniawan.fbx using Guid(8b86485b2fb63134686f63a179214a95) Importer(815301076,1909f56bfc062723c751e8b465ee728b)  -> (artifact id: '9fc135c4bfc5c9f4b34965d5a9543ee8') in 0.063501 seconds 
========================================================================
Received Import Request.
  Time since last request: 4.259263 seconds.
  path: Assets/Bair Examples/ex#6/warrok_w_kurniawan.fbx
  artifactKey: Guid(8b86485b2fb63134686f63a179214a95) Importer(815301076,1909f56bfc062723c751e8b465ee728b)
Start importing Assets/Bair Examples/ex#6/warrok_w_kurniawan.fbx using Guid(8b86485b2fb63134686f63a179214a95) Importer(815301076,1909f56bfc062723c751e8b465ee728b)  -> (artifact id: '70ba34b3e514eb1446ed00f9c7658517') in 0.042969 seconds 
========================================================================
Received Prepare
Registering precompiled user dll's ...
Registered in 0.001782 seconds.
Begin MonoManager ReloadAssembly
Native extension for UWP target not found
Native extension for WindowsStandalone target not found
Refreshing native plugins compatible for Editor in 0.47 ms, found 2 plugins.
Preloading 0 native plugins for Editor in 0.00 ms.
Mono: successfully reloaded assembly
- Completed reload, in  1.141 seconds
Domain Reload Profiling:
	ReloadAssembly (1142ms)
		BeginReloadAssembly (158ms)
			ExecutionOrderSort (0ms)
			DisableScriptedObjects (5ms)
			BackupInstance (0ms)
			ReleaseScriptingObjects (0ms)
			CreateAndSetChildDomain (42ms)
		EndReloadAssembly (880ms)
			LoadAssemblies (101ms)
			RebuildTransferFunctionScriptingTraits (0ms)
			SetupTypeCache (200ms)
			ReleaseScriptCaches (2ms)
			RebuildScriptCaches (73ms)
			SetupLoadedEditorAssemblies (468ms)
				LogAssemblyErrors (0ms)
				InitializePlatformSupportModulesInManaged (16ms)
				SetLoadedEditorAssemblies (1ms)
				RefreshPlugins (1ms)
				BeforeProcessingInitializeOnLoad (63ms)
				ProcessInitializeOnLoadAttributes (342ms)
				ProcessInitializeOnLoadMethodAttributes (35ms)
				AfterProcessingInitializeOnLoad (10ms)
				EditorAssembliesLoaded (0ms)
			ExecutionOrderSort2 (0ms)
			AwakeInstancesAfterBackupRestoration (9ms)
Platform modules already initialized, skipping
Refreshing native plugins compatible for Editor in 2.84 ms, found 2 plugins.
Preloading 0 native plugins for Editor in 0.00 ms.
Unloading 1917 Unused Serialized files (Serialized files now loaded: 0)
Unloading 10 unused Assets / (24.6 KB). Loaded Objects now: 2438.
Memory consumption went from 99.3 MB to 99.3 MB.
Total: 5.209600 ms (FindLiveObjects: 0.236300 ms CreateObjectMapping: 0.129300 ms MarkObjects: 4.816200 ms  DeleteObjects: 0.026400 ms)

AssetImportParameters requested are different than current active one (requested -> active):
  custom:video-decoder-ogg-theora: a1e56fd34408186e4bbccfd4996cb3dc -> 
  custom:container-muxer-webm: aa71ff27fc2769a1b78a27578f13a17b -> 
  custom:container-demuxer-webm: 4f35f7cbe854078d1ac9338744f61a02 -> 
  custom:video-encoder-webm-vp8: eb34c28f22e8b96e1ab97ce403110664 -> 
  custom:audio-encoder-webm-vorbis: bf7c407c2cedff20999df2af8eb42d56 -> 
  custom:framework-win-MediaFoundation: 216162199b28c13a410421893ffa2e32 -> 
  custom:container-demuxer-ogg: 62fdf1f143b41e24485cea50d1cbac27 -> 
  custom:video-decoder-webm-vp8: 9c59270c3fd7afecdb556c50c9e8de78 -> 
  custom:audio-decoder-ogg-vorbis: bf7c407c2cedff20999df2af8eb42d56 -> 
========================================================================
Received Import Request.
  Time since last request: 43.442665 seconds.
  path: Assets/Bair Examples/ex#6/warrok_w_kurniawan.fbx
  artifactKey: Guid(8b86485b2fb63134686f63a179214a95) Importer(815301076,1909f56bfc062723c751e8b465ee728b)
Start importing Assets/Bair Examples/ex#6/warrok_w_kurniawan.fbx using Guid(8b86485b2fb63134686f63a179214a95) Importer(815301076,1909f56bfc062723c751e8b465ee728b)  -> (artifact id: '7a508c3d45884f13f7ded35b891b7110') in 0.101205 seconds 
========================================================================
Received Import Request.
  Time since last request: 5.467943 seconds.
  path: Assets/Bair Examples/ex#6/warrok_w_kurniawan.fbx
  artifactKey: Guid(8b86485b2fb63134686f63a179214a95) Importer(815301076,1909f56bfc062723c751e8b465ee728b)
Start importing Assets/Bair Examples/ex#6/warrok_w_kurniawan.fbx using Guid(8b86485b2fb63134686f63a179214a95) Importer(815301076,1909f56bfc062723c751e8b465ee728b)  -> (artifact id: '28d2a891e7e3e004e777fac3c715e25b') in 0.035937 seconds 
========================================================================
Received Import Request.
  Time since last request: 4.001026 seconds.
  path: Assets/Bair Examples/ex#6/warrok_w_kurniawan.fbx
  artifactKey: Guid(8b86485b2fb63134686f63a179214a95) Importer(815301076,1909f56bfc062723c751e8b465ee728b)
Start importing Assets/Bair Examples/ex#6/warrok_w_kurniawan.fbx using Guid(8b86485b2fb63134686f63a179214a95) Importer(815301076,1909f56bfc062723c751e8b465ee728b)  -> (artifact id: '641cb1280a29797239165cf8a19842e3') in 0.034581 seconds 
========================================================================
Received Import Request.
  Time since last request: 0.005442 seconds.
  path: Assets/Bair Examples/ex#6/bear_normal.png
  artifactKey: Guid(76c79587da6ddae44980a35c9e3a1339) Importer(815301076,1909f56bfc062723c751e8b465ee728b)
Start importing Assets/Bair Examples/ex#6/bear_normal.png using Guid(76c79587da6ddae44980a35c9e3a1339) Importer(815301076,1909f56bfc062723c751e8b465ee728b)  -> (artifact id: '7ad1265b598b5e5897e0f91f09f612a4') in 0.031567 seconds 
========================================================================
Received Import Request.
  Time since last request: 0.000024 seconds.
  path: Assets/Bair Examples/ex#6/bear_specular.png
  artifactKey: Guid(df7a93b7466482e4d99fccf64cb55a4d) Importer(815301076,1909f56bfc062723c751e8b465ee728b)
Start importing Assets/Bair Examples/ex#6/bear_specular.png using Guid(df7a93b7466482e4d99fccf64cb55a4d) Importer(815301076,1909f56bfc062723c751e8b465ee728b)  -> (artifact id: '442b5d6a36b5ec6109e97428513967d6') in 0.020556 seconds 
========================================================================
Received Import Request.
  Time since last request: 0.000050 seconds.
  path: Assets/Bair Examples/ex#6/bear_diffuse.png
  artifactKey: Guid(0587a0630cc58b44fb61995831b966f9) Importer(815301076,1909f56bfc062723c751e8b465ee728b)
Start importing Assets/Bair Examples/ex#6/bear_diffuse.png using Guid(0587a0630cc58b44fb61995831b966f9) Importer(815301076,1909f56bfc062723c751e8b465ee728b)  -> (artifact id: 'ec2fb4fca5555bd385a7826251b22cd6') in 0.021336 seconds 
========================================================================
Received Import Request.
  Time since last request: 5.036311 seconds.
  path: Assets/Bair Examples/ex#6/warrok_w_kurniawan.fbx
  artifactKey: Guid(8b86485b2fb63134686f63a179214a95) Importer(815301076,1909f56bfc062723c751e8b465ee728b)
Start importing Assets/Bair Examples/ex#6/warrok_w_kurniawan.fbx using Guid(8b86485b2fb63134686f63a179214a95) Importer(815301076,1909f56bfc062723c751e8b465ee728b)  -> (artifact id: '23ecb2e50df12d5e3e70b575ae10c4af') in 0.044528 seconds 
========================================================================
Received Import Request.
  Time since last request: 0.022032 seconds.
  path: Assets/Bair Examples/ex#6/warrok_MAT.mat
  artifactKey: Guid(be5e09a9cd125094f9b09e14286f4b62) Importer(815301076,1909f56bfc062723c751e8b465ee728b)
Start importing Assets/Bair Examples/ex#6/warrok_MAT.mat using Guid(be5e09a9cd125094f9b09e14286f4b62) Importer(815301076,1909f56bfc062723c751e8b465ee728b)  -> (artifact id: '9896c5b7a1fb413fe8ad8b0ea554e28c') in 0.030792 seconds 
========================================================================
Received Import Request.
  Time since last request: 6.551699 seconds.
  path: Assets/Bair Examples/ex#6/warrok_w_kurniawan.fbx
  artifactKey: Guid(8b86485b2fb63134686f63a179214a95) Importer(815301076,1909f56bfc062723c751e8b465ee728b)
Start importing Assets/Bair Examples/ex#6/warrok_w_kurniawan.fbx using Guid(8b86485b2fb63134686f63a179214a95) Importer(815301076,1909f56bfc062723c751e8b465ee728b)  -> (artifact id: '312642492813adc955d74f585f55e6eb') in 0.057680 seconds 
========================================================================
Received Import Request.
  Time since last request: 17.817169 seconds.
  path: Assets/Bair Examples/ex#6/bear_diffuse.png
  artifactKey: Guid(0587a0630cc58b44fb61995831b966f9) Importer(815301076,1909f56bfc062723c751e8b465ee728b)
Start importing Assets/Bair Examples/ex#6/bear_diffuse.png using Guid(0587a0630cc58b44fb61995831b966f9) Importer(815301076,1909f56bfc062723c751e8b465ee728b)  -> (artifact id: '8214e3f2c372c29d21dea617a0f710de') in 0.037883 seconds 
========================================================================
Received Import Request.
  Time since last request: 0.016750 seconds.
  path: Assets/Bair Examples/ex#6/warrok_MAT.mat
  artifactKey: Guid(be5e09a9cd125094f9b09e14286f4b62) Importer(815301076,1909f56bfc062723c751e8b465ee728b)
Start importing Assets/Bair Examples/ex#6/warrok_MAT.mat using Guid(be5e09a9cd125094f9b09e14286f4b62) Importer(815301076,1909f56bfc062723c751e8b465ee728b)  -> (artifact id: '3fed59f057d195a2417916bcce7ec3f9') in 0.021827 seconds 
========================================================================
Received Import Request.
  Time since last request: 4.566496 seconds.
  path: Assets/Bair Examples/ex#6/bear_diffuse.png
  artifactKey: Guid(0587a0630cc58b44fb61995831b966f9) Importer(815301076,1909f56bfc062723c751e8b465ee728b)
Start importing Assets/Bair Examples/ex#6/bear_diffuse.png using Guid(0587a0630cc58b44fb61995831b966f9) Importer(815301076,1909f56bfc062723c751e8b465ee728b)  -> (artifact id: '20a99916e4a940ef62e61cc7b006fcc8') in 0.030670 seconds 
========================================================================
Received Import Request.
  Time since last request: 4.365103 seconds.
  path: Assets/Bair Examples/ex#6/bear_diffuse.png
  artifactKey: Guid(0587a0630cc58b44fb61995831b966f9) Importer(815301076,1909f56bfc062723c751e8b465ee728b)
Start importing Assets/Bair Examples/ex#6/bear_diffuse.png using Guid(0587a0630cc58b44fb61995831b966f9) Importer(815301076,1909f56bfc062723c751e8b465ee728b)  -> (artifact id: 'aada648da8ff7ab94eede30a6a1c7db6') in 0.013644 seconds 
========================================================================
Received Import Request.
  Time since last request: 3.946802 seconds.
  path: Assets/Bair Examples/ex#6/bear_specular.png
  artifactKey: Guid(df7a93b7466482e4d99fccf64cb55a4d) Importer(815301076,1909f56bfc062723c751e8b465ee728b)
Start importing Assets/Bair Examples/ex#6/bear_specular.png using Guid(df7a93b7466482e4d99fccf64cb55a4d) Importer(815301076,1909f56bfc062723c751e8b465ee728b)  -> (artifact id: 'a0980105504c263b4f0f2d56e90c8f59') in 0.025319 seconds 
========================================================================
Received Import Request.
  Time since last request: 5.992971 seconds.
  path: Assets/Bair Examples/ex#6/bear_specular.png
  artifactKey: Guid(df7a93b7466482e4d99fccf64cb55a4d) Importer(815301076,1909f56bfc062723c751e8b465ee728b)
Start importing Assets/Bair Examples/ex#6/bear_specular.png using Guid(df7a93b7466482e4d99fccf64cb55a4d) Importer(815301076,1909f56bfc062723c751e8b465ee728b)  -> (artifact id: '978adab682f1098709d40685298819cc') in 0.014037 seconds 
========================================================================
Received Import Request.
  Time since last request: 7.331169 seconds.
  path: Assets/Bair Examples/ex#6/bear_specular.png
  artifactKey: Guid(df7a93b7466482e4d99fccf64cb55a4d) Importer(815301076,1909f56bfc062723c751e8b465ee728b)
Start importing Assets/Bair Examples/ex#6/bear_specular.png using Guid(df7a93b7466482e4d99fccf64cb55a4d) Importer(815301076,1909f56bfc062723c751e8b465ee728b)  -> (artifact id: '48293ee570f262dc1f7d3f0e4cd4a00a') in 0.018054 seconds 
========================================================================
Received Import Request.
  Time since last request: 57.326523 seconds.
  path: Assets/Bair Examples/ex#6/warrok_w_kurniawan.fbx
  artifactKey: Guid(8b86485b2fb63134686f63a179214a95) Importer(815301076,1909f56bfc062723c751e8b465ee728b)
Start importing Assets/Bair Examples/ex#6/warrok_w_kurniawan.fbx using Guid(8b86485b2fb63134686f63a179214a95) Importer(815301076,1909f56bfc062723c751e8b465ee728b)  -> (artifact id: 'ff3df844a08744d2efa21403160f606b') in 0.040203 seconds 
========================================================================
Received Import Request.
  Time since last request: 268.202863 seconds.
  path: Assets/Bair Examples/ex#6/Jump Attack.fbx
  artifactKey: Guid(e9badf0b93050b247834cdb23597d4c9) Importer(815301076,1909f56bfc062723c751e8b465ee728b)
Start importing Assets/Bair Examples/ex#6/Jump Attack.fbx using Guid(e9badf0b93050b247834cdb23597d4c9) Importer(815301076,1909f56bfc062723c751e8b465ee728b)  -> (artifact id: 'b7abf1a09d1a03f9aa8ce1e03a64cf39') in 0.048828 seconds 
========================================================================
Received Import Request.
  Time since last request: 9.323466 seconds.
  path: Assets/Bair Examples/ex#6/Jump Attack.fbx
  artifactKey: Guid(e9badf0b93050b247834cdb23597d4c9) Importer(815301076,1909f56bfc062723c751e8b465ee728b)
Start importing Assets/Bair Examples/ex#6/Jump Attack.fbx using Guid(e9badf0b93050b247834cdb23597d4c9) Importer(815301076,1909f56bfc062723c751e8b465ee728b)  -> (artifact id: '35c7e4538649efe0cc4644a3a80712d0') in 0.055074 seconds 
========================================================================
Received Import Request.
  Time since last request: 36.751574 seconds.
  path: Assets/Bair Examples/ex#6/Jump Attack.fbx
  artifactKey: Guid(e9badf0b93050b247834cdb23597d4c9) Importer(815301076,1909f56bfc062723c751e8b465ee728b)
Start importing Assets/Bair Examples/ex#6/Jump Attack.fbx using Guid(e9badf0b93050b247834cdb23597d4c9) Importer(815301076,1909f56bfc062723c751e8b465ee728b)  -> (artifact id: '41a6709913425709098beeca6e31ae61') in 0.059584 seconds 
========================================================================
Received Import Request.
  Time since last request: 0.924589 seconds.
  path: Assets/Bair Examples/ex#6/mixamo.com.anim
  artifactKey: Guid(0c0199130327a0f458ec86859d28a1a5) Importer(815301076,1909f56bfc062723c751e8b465ee728b)
Start importing Assets/Bair Examples/ex#6/mixamo.com.anim using Guid(0c0199130327a0f458ec86859d28a1a5) Importer(815301076,1909f56bfc062723c751e8b465ee728b)  -> (artifact id: '7f0323158a0a67857f3fa6f1a6d2bfa6') in 0.028337 seconds 
========================================================================
Received Import Request.
  Time since last request: 9.379903 seconds.
  path: Assets/Bair Examples/ex#6/JumpAttack.anim
  artifactKey: Guid(0c0199130327a0f458ec86859d28a1a5) Importer(815301076,1909f56bfc062723c751e8b465ee728b)
Start importing Assets/Bair Examples/ex#6/JumpAttack.anim using Guid(0c0199130327a0f458ec86859d28a1a5) Importer(815301076,1909f56bfc062723c751e8b465ee728b)  -> (artifact id: '0afd913a51b56d840b2bca118fadc528') in 0.027498 seconds 
========================================================================
Received Import Request.
  Time since last request: 256.125955 seconds.
  path: Assets/Bair Examples/ex#6/left turn 45.fbx
  artifactKey: Guid(3140a10a747fda84786f869bbc4052df) Importer(815301076,1909f56bfc062723c751e8b465ee728b)
Start importing Assets/Bair Examples/ex#6/left turn 45.fbx using Guid(3140a10a747fda84786f869bbc4052df) Importer(815301076,1909f56bfc062723c751e8b465ee728b)  -> (artifact id: 'c590ecf4b9b213695ec25b87b5f95725') in 0.028462 seconds 
========================================================================
Received Import Request.
  Time since last request: 0.000082 seconds.
  path: Assets/Bair Examples/ex#6/mutant dying.fbx
  artifactKey: Guid(5a3bb8909d8334842972e1ebd73c0f4f) Importer(815301076,1909f56bfc062723c751e8b465ee728b)
Start importing Assets/Bair Examples/ex#6/mutant dying.fbx using Guid(5a3bb8909d8334842972e1ebd73c0f4f) Importer(815301076,1909f56bfc062723c751e8b465ee728b)  -> (artifact id: 'ab0999ee93b7b7b0b6d54cfd32f9a303') in 0.026238 seconds 
========================================================================
Received Import Request.
  Time since last request: 134.772381 seconds.
  path: Assets/Bair Examples/ex#6/mutant idle.fbx
  artifactKey: Guid(87433752e12432a4a8e1be2cb0e55598) Importer(815301076,1909f56bfc062723c751e8b465ee728b)
Start importing Assets/Bair Examples/ex#6/mutant idle.fbx using Guid(87433752e12432a4a8e1be2cb0e55598) Importer(815301076,1909f56bfc062723c751e8b465ee728b)  -> (artifact id: 'c16560f890e29392d751cef5b33c74e3') in 0.012106 seconds 
========================================================================
Received Import Request.
  Time since last request: 0.469601 seconds.
  path: Assets/Bair Examples/ex#6/mutant jumping.fbx
  artifactKey: Guid(8103527c6b06fe7418ad13a743813931) Importer(815301076,1909f56bfc062723c751e8b465ee728b)
Start importing Assets/Bair Examples/ex#6/mutant jumping.fbx using Guid(8103527c6b06fe7418ad13a743813931) Importer(815301076,1909f56bfc062723c751e8b465ee728b)  -> (artifact id: '7fc3c5d20a7462e71a60ac07b488389b') in 0.011127 seconds 
========================================================================
Received Import Request.
  Time since last request: 0.048463 seconds.
  path: Assets/Bair Examples/ex#6/mutant left turn 45.fbx
  artifactKey: Guid(e2ebaa8a210e30a418611d4bac0d41cc) Importer(815301076,1909f56bfc062723c751e8b465ee728b)
Start importing Assets/Bair Examples/ex#6/mutant left turn 45.fbx using Guid(e2ebaa8a210e30a418611d4bac0d41cc) Importer(815301076,1909f56bfc062723c751e8b465ee728b)  -> (artifact id: 'f16c187ad0c4fe2b3449f171d6b3479e') in 0.010497 seconds 
========================================================================
Received Import Request.
  Time since last request: 0.265984 seconds.
  path: Assets/Bair Examples/ex#6/mutant right turn 45 (2).fbx
  artifactKey: Guid(42ca749ec6f6ef147af5afe6f70cc28c) Importer(815301076,1909f56bfc062723c751e8b465ee728b)
Start importing Assets/Bair Examples/ex#6/mutant right turn 45 (2).fbx using Guid(42ca749ec6f6ef147af5afe6f70cc28c) Importer(815301076,1909f56bfc062723c751e8b465ee728b)  -> (artifact id: 'dc354eee737a8af1cf9449e11f7cbee5') in 0.009018 seconds 
========================================================================
Received Import Request.
  Time since last request: 23.701230 seconds.
  path: Assets/Bair Examples/ex#6/mutant right turn 45.fbx
  artifactKey: Guid(f69ff2c1900b72846b829d965528a6e7) Importer(815301076,1909f56bfc062723c751e8b465ee728b)
Start importing Assets/Bair Examples/ex#6/mutant right turn 45.fbx using Guid(f69ff2c1900b72846b829d965528a6e7) Importer(815301076,1909f56bfc062723c751e8b465ee728b)  -> (artifact id: 'd016ad226dd029c8425855753a47a0f2') in 0.008724 seconds 
========================================================================
Received Import Request.
  Time since last request: 0.281759 seconds.
  path: Assets/Bair Examples/ex#6/mutant run.fbx
  artifactKey: Guid(6b2b6f6c0b7d3bb498064e29ab5a3daa) Importer(815301076,1909f56bfc062723c751e8b465ee728b)
Start importing Assets/Bair Examples/ex#6/mutant run.fbx using Guid(6b2b6f6c0b7d3bb498064e29ab5a3daa) Importer(815301076,1909f56bfc062723c751e8b465ee728b)  -> (artifact id: '186aa8be6afc344b788c4f2a15bce95b') in 0.009340 seconds 
========================================================================
Received Import Request.
  Time since last request: 0.026358 seconds.
  path: Assets/Bair Examples/ex#6/mutant swiping.fbx
  artifactKey: Guid(38985d9c9d6a0e548836f83ecefbd29c) Importer(815301076,1909f56bfc062723c751e8b465ee728b)
Start importing Assets/Bair Examples/ex#6/mutant swiping.fbx using Guid(38985d9c9d6a0e548836f83ecefbd29c) Importer(815301076,1909f56bfc062723c751e8b465ee728b)  -> (artifact id: 'f49d24a8a407101e5f838a43691233bd') in 0.009264 seconds 
========================================================================
Received Import Request.
  Time since last request: 0.035126 seconds.
  path: Assets/Bair Examples/ex#6/mutant walking.fbx
  artifactKey: Guid(9d1fe0841737c5848bec51d736152648) Importer(815301076,1909f56bfc062723c751e8b465ee728b)
Start importing Assets/Bair Examples/ex#6/mutant walking.fbx using Guid(9d1fe0841737c5848bec51d736152648) Importer(815301076,1909f56bfc062723c751e8b465ee728b)  -> (artifact id: '3393100430782169af3b8ba9dfba9aa9') in 0.008455 seconds 
========================================================================
Received Import Request.
  Time since last request: 0.301258 seconds.
  path: Assets/Bair Examples/ex#6/warrok_w_kurniawan 1.fbx
  artifactKey: Guid(7a029a57409db9e4db9e0ef5ac864c8a) Importer(815301076,1909f56bfc062723c751e8b465ee728b)
Start importing Assets/Bair Examples/ex#6/warrok_w_kurniawan 1.fbx using Guid(7a029a57409db9e4db9e0ef5ac864c8a) Importer(815301076,1909f56bfc062723c751e8b465ee728b)  -> (artifact id: '6a1d35ba45614ba9bddb0b3beee32298') in 0.035266 seconds 
========================================================================
Received Import Request.
  Time since last request: 11.723751 seconds.
  path: Assets/Bair Examples/ex#6/mutant dying.fbx
  artifactKey: Guid(5a3bb8909d8334842972e1ebd73c0f4f) Importer(815301076,1909f56bfc062723c751e8b465ee728b)
Start importing Assets/Bair Examples/ex#6/mutant dying.fbx using Guid(5a3bb8909d8334842972e1ebd73c0f4f) Importer(815301076,1909f56bfc062723c751e8b465ee728b)  -> (artifact id: '54077fb4e32e0bb910f2443560d68f40') in 0.006140 seconds 
========================================================================
Received Import Request.
  Time since last request: 0.035003 seconds.
  path: Assets/Bair Examples/ex#6/mutant left turn 45.fbx
  artifactKey: Guid(e2ebaa8a210e30a418611d4bac0d41cc) Importer(815301076,1909f56bfc062723c751e8b465ee728b)
Start importing Assets/Bair Examples/ex#6/mutant left turn 45.fbx using Guid(e2ebaa8a210e30a418611d4bac0d41cc) Importer(815301076,1909f56bfc062723c751e8b465ee728b)  -> (artifact id: '24442bc89a10871e5e8d687386ee71ae') in 0.007281 seconds 
========================================================================
Received Import Request.
  Time since last request: 0.000028 seconds.
  path: Assets/Bair Examples/ex#6/mutant swiping.fbx
  artifactKey: Guid(38985d9c9d6a0e548836f83ecefbd29c) Importer(815301076,1909f56bfc062723c751e8b465ee728b)
Start importing Assets/Bair Examples/ex#6/mutant swiping.fbx using Guid(38985d9c9d6a0e548836f83ecefbd29c) Importer(815301076,1909f56bfc062723c751e8b465ee728b)  -> (artifact id: '5facea10c5d66b4035435bf6b53389f0') in 0.012145 seconds 
========================================================================
Received Import Request.
  Time since last request: 0.000030 seconds.
  path: Assets/Bair Examples/ex#6/mutant walking.fbx
  artifactKey: Guid(9d1fe0841737c5848bec51d736152648) Importer(815301076,1909f56bfc062723c751e8b465ee728b)
Start importing Assets/Bair Examples/ex#6/mutant walking.fbx using Guid(9d1fe0841737c5848bec51d736152648) Importer(815301076,1909f56bfc062723c751e8b465ee728b)  -> (artifact id: 'bf625d17531acbea05efd5e6a2a4e400') in 0.011111 seconds 
========================================================================
Received Import Request.
  Time since last request: 20.921362 seconds.
  path: Assets/Bair Examples/ex#6/mutant jumping.fbx
  artifactKey: Guid(8103527c6b06fe7418ad13a743813931) Importer(815301076,1909f56bfc062723c751e8b465ee728b)
Start importing Assets/Bair Examples/ex#6/mutant jumping.fbx using Guid(8103527c6b06fe7418ad13a743813931) Importer(815301076,1909f56bfc062723c751e8b465ee728b)  -> (artifact id: 'b306e9e9b585ed362e745fe5148684b7') in 0.011150 seconds 
========================================================================
Received Import Request.
  Time since last request: 0.024410 seconds.
  path: Assets/Bair Examples/ex#6/mutant idle.fbx
  artifactKey: Guid(87433752e12432a4a8e1be2cb0e55598) Importer(815301076,1909f56bfc062723c751e8b465ee728b)
Start importing Assets/Bair Examples/ex#6/mutant idle.fbx using Guid(87433752e12432a4a8e1be2cb0e55598) Importer(815301076,1909f56bfc062723c751e8b465ee728b)  -> (artifact id: '716f27886f21c919d141b20f8e4bfcf6') in 0.010598 seconds 
========================================================================
Received Import Request.
  Time since last request: 38.562234 seconds.
  path: Assets/Bair Examples/ex#6/mutant flexing muscles.fbx
  artifactKey: Guid(89eb7adbc337fa143b1c5ccd1cccef81) Importer(815301076,1909f56bfc062723c751e8b465ee728b)
Start importing Assets/Bair Examples/ex#6/mutant flexing muscles.fbx using Guid(89eb7adbc337fa143b1c5ccd1cccef81) Importer(815301076,1909f56bfc062723c751e8b465ee728b)  -> (artifact id: '5ee8e135683b38edb09f7abbe839ced9') in 0.007588 seconds 
========================================================================
Received Import Request.
  Time since last request: 12.446145 seconds.
  path: Assets/Bair Examples/ex#6/mutant breathing idle.fbx
  artifactKey: Guid(7105a5917992eba46b33a3a3dc44e8c5) Importer(815301076,1909f56bfc062723c751e8b465ee728b)
Start importing Assets/Bair Examples/ex#6/mutant breathing idle.fbx using Guid(7105a5917992eba46b33a3a3dc44e8c5) Importer(815301076,1909f56bfc062723c751e8b465ee728b)  -> (artifact id: '0ea8da1a767e41f6e223c5f07753f2e2') in 0.006823 seconds 
========================================================================
Received Import Request.
  Time since last request: 6.902073 seconds.
  path: Assets/Bair Examples/ex#6/left turn 45.fbx
  artifactKey: Guid(3140a10a747fda84786f869bbc4052df) Importer(815301076,1909f56bfc062723c751e8b465ee728b)
Start importing Assets/Bair Examples/ex#6/left turn 45.fbx using Guid(3140a10a747fda84786f869bbc4052df) Importer(815301076,1909f56bfc062723c751e8b465ee728b)  -> (artifact id: '5ce61ae87db4804de499919d9b3c9610') in 0.006599 seconds 
========================================================================
Received Import Request.
  Time since last request: 241.540411 seconds.
  path: Assets/Bair Examples/ex#6/mixamo.com.anim
  artifactKey: Guid(5ef133d8b0481db4a8894b9945e9fc55) Importer(815301076,1909f56bfc062723c751e8b465ee728b)
Start importing Assets/Bair Examples/ex#6/mixamo.com.anim using Guid(5ef133d8b0481db4a8894b9945e9fc55) Importer(815301076,1909f56bfc062723c751e8b465ee728b)  -> (artifact id: 'b76bdc9416dbda259e232381e32ee8a9') in 0.008094 seconds 
========================================================================
Received Import Request.
  Time since last request: 9.888473 seconds.
  path: Assets/Bair Examples/ex#6/NormalIdol.anim
  artifactKey: Guid(5ef133d8b0481db4a8894b9945e9fc55) Importer(815301076,1909f56bfc062723c751e8b465ee728b)
Start importing Assets/Bair Examples/ex#6/NormalIdol.anim using Guid(5ef133d8b0481db4a8894b9945e9fc55) Importer(815301076,1909f56bfc062723c751e8b465ee728b)  -> (artifact id: 'a3771ca93852da3a768dfbf91e156529') in 0.010588 seconds 
========================================================================
Received Import Request.
  Time since last request: 12.473827 seconds.
  path: Assets/Bair Examples/ex#6/NormalIdle.anim
  artifactKey: Guid(5ef133d8b0481db4a8894b9945e9fc55) Importer(815301076,1909f56bfc062723c751e8b465ee728b)
Start importing Assets/Bair Examples/ex#6/NormalIdle.anim using Guid(5ef133d8b0481db4a8894b9945e9fc55) Importer(815301076,1909f56bfc062723c751e8b465ee728b)  -> (artifact id: '137072cee02f6e050c5c819f0b0bccc7') in 0.011265 seconds 
========================================================================
Received Import Request.
  Time since last request: 76.044801 seconds.
  path: Assets/Bair Examples/ex#6/BossController.controller
  artifactKey: Guid(e2064835f0902d749b4020d25ca0d5fb) Importer(815301076,1909f56bfc062723c751e8b465ee728b)
Start importing Assets/Bair Examples/ex#6/BossController.controller using Guid(e2064835f0902d749b4020d25ca0d5fb) Importer(815301076,1909f56bfc062723c751e8b465ee728b)  -> (artifact id: 'c057517ca12ac8d5587bca457de16b1c') in 0.007942 seconds 
========================================================================
Received Import Request.
  Time since last request: 1113.582613 seconds.
  path: Assets/Bair Examples/ex#6/mixamo.com.anim
  artifactKey: Guid(cfc681fa9fea29e40b1538ae9515e8c2) Importer(815301076,1909f56bfc062723c751e8b465ee728b)
Start importing Assets/Bair Examples/ex#6/mixamo.com.anim using Guid(cfc681fa9fea29e40b1538ae9515e8c2) Importer(815301076,1909f56bfc062723c751e8b465ee728b)  -> (artifact id: 'ac70145af107ec1887b8ed0f7b1a6754') in 0.009604 seconds 
========================================================================
Received Import Request.
  Time since last request: 56.415420 seconds.
  path: Assets/Bair Examples/ex#6/Running.anim
  artifactKey: Guid(cfc681fa9fea29e40b1538ae9515e8c2) Importer(815301076,1909f56bfc062723c751e8b465ee728b)
Start importing Assets/Bair Examples/ex#6/Running.anim using Guid(cfc681fa9fea29e40b1538ae9515e8c2) Importer(815301076,1909f56bfc062723c751e8b465ee728b)  -> (artifact id: '1a8bf3493366f19987f0a5f27f3c2551') in 0.011619 seconds 
========================================================================
Received Import Request.
  Time since last request: 18.963705 seconds.
  path: Assets/Bair Examples/ex#6/mixamo.com.anim
  artifactKey: Guid(a07eeb9631ded3a4ab2c579393431902) Importer(815301076,1909f56bfc062723c751e8b465ee728b)
Start importing Assets/Bair Examples/ex#6/mixamo.com.anim using Guid(a07eeb9631ded3a4ab2c579393431902) Importer(815301076,1909f56bfc062723c751e8b465ee728b)  -> (artifact id: '4b3c194c7c7c2a3f1b235d9881f18dc1') in 0.010169 seconds 
========================================================================
Received Import Request.
  Time since last request: 5.820864 seconds.
  path: Assets/Bair Examples/ex#6/Walk.anim
  artifactKey: Guid(a07eeb9631ded3a4ab2c579393431902) Importer(815301076,1909f56bfc062723c751e8b465ee728b)
Start importing Assets/Bair Examples/ex#6/Walk.anim using Guid(a07eeb9631ded3a4ab2c579393431902) Importer(815301076,1909f56bfc062723c751e8b465ee728b)  -> (artifact id: '150c3da111b9c2051172489d8468629b') in 0.013232 seconds 
========================================================================
Received Import Request.
  Time since last request: 154.090165 seconds.
  path: Assets/Bair Examples/ex#6/mixamo.com.anim
  artifactKey: Guid(e0599b3b4515d634cae95b7701a2703a) Importer(815301076,1909f56bfc062723c751e8b465ee728b)
Start importing Assets/Bair Examples/ex#6/mixamo.com.anim using Guid(e0599b3b4515d634cae95b7701a2703a) Importer(815301076,1909f56bfc062723c751e8b465ee728b)  -> (artifact id: 'cc0a88f2fd76d1e81a2dedce8c139ca5') in 0.020232 seconds 
========================================================================
Received Import Request.
  Time since last request: 8.413804 seconds.
  path: Assets/Bair Examples/ex#6/Death.anim
  artifactKey: Guid(e0599b3b4515d634cae95b7701a2703a) Importer(815301076,1909f56bfc062723c751e8b465ee728b)
Start importing Assets/Bair Examples/ex#6/Death.anim using Guid(e0599b3b4515d634cae95b7701a2703a) Importer(815301076,1909f56bfc062723c751e8b465ee728b)  -> (artifact id: 'b12d5ad919a99ca1bfdafa64d6cb9c3a') in 0.022730 seconds 
========================================================================
Received Import Request.
  Time since last request: 257.047338 seconds.
  path: Assets/Bair Examples/ex#6/mixamo.com.anim
  artifactKey: Guid(37ef3b5a7710ab747bbf45ee5e6a1714) Importer(815301076,1909f56bfc062723c751e8b465ee728b)
Start importing Assets/Bair Examples/ex#6/mixamo.com.anim using Guid(37ef3b5a7710ab747bbf45ee5e6a1714) Importer(815301076,1909f56bfc062723c751e8b465ee728b)  -> (artifact id: '96591c543763195cc9e0ee58e29a490d') in 0.015861 seconds 
========================================================================
Received Import Request.
  Time since last request: 15.067563 seconds.
  path: Assets/Bair Examples/ex#6/SwipeAttack.anim
  artifactKey: Guid(37ef3b5a7710ab747bbf45ee5e6a1714) Importer(815301076,1909f56bfc062723c751e8b465ee728b)
Start importing Assets/Bair Examples/ex#6/SwipeAttack.anim using Guid(37ef3b5a7710ab747bbf45ee5e6a1714) Importer(815301076,1909f56bfc062723c751e8b465ee728b)  -> (artifact id: '5031bcf2bd3e92974b3fd9cd837e0066') in 0.020028 seconds 
========================================================================
Received Import Request.
  Time since last request: 146.492969 seconds.
  path: Assets/Bair Examples/ex#6/mixamo.com.anim
  artifactKey: Guid(5da89d4cec8a4224cac96381eb379202) Importer(815301076,1909f56bfc062723c751e8b465ee728b)
Start importing Assets/Bair Examples/ex#6/mixamo.com.anim using Guid(5da89d4cec8a4224cac96381eb379202) Importer(815301076,1909f56bfc062723c751e8b465ee728b)  -> (artifact id: 'a4f734e0d2a674ceaa54f32e9c2df62d') in 0.023587 seconds 
========================================================================
Received Import Request.
  Time since last request: 17.359768 seconds.
  path: Assets/Bair Examples/ex#6/StrongAttack.anim
  artifactKey: Guid(5da89d4cec8a4224cac96381eb379202) Importer(815301076,1909f56bfc062723c751e8b465ee728b)
Start importing Assets/Bair Examples/ex#6/StrongAttack.anim using Guid(5da89d4cec8a4224cac96381eb379202) Importer(815301076,1909f56bfc062723c751e8b465ee728b)  -> (artifact id: 'fae21c17e4fb1307bf3a36cb4fcb24b5') in 0.026117 seconds 
========================================================================
Received Import Request.
  Time since last request: 224.415180 seconds.
  path: Assets/Bair Examples/ex#6/Goalie Throw.fbx
  artifactKey: Guid(ed0d6a5c09e17c54dbc093a46d6e5668) Importer(815301076,1909f56bfc062723c751e8b465ee728b)
Start importing Assets/Bair Examples/ex#6/Goalie Throw.fbx using Guid(ed0d6a5c09e17c54dbc093a46d6e5668) Importer(815301076,1909f56bfc062723c751e8b465ee728b)  -> (artifact id: '4dc4609312ffd77857c47ee5b2623247') in 0.053593 seconds 
========================================================================
Received Import Request.
  Time since last request: 34.132555 seconds.
  path: Assets/Bair Examples/ex#6/Goalie Throw 1.fbx
  artifactKey: Guid(441fc0f20fb20174eadcd6df21102c72) Importer(815301076,1909f56bfc062723c751e8b465ee728b)
Start importing Assets/Bair Examples/ex#6/Goalie Throw 1.fbx using Guid(441fc0f20fb20174eadcd6df21102c72) Importer(815301076,1909f56bfc062723c751e8b465ee728b)  -> (artifact id: 'e13bf8096c531872931ab973441e5e82') in 0.044410 seconds 
========================================================================
Received Import Request.
  Time since last request: 15.302217 seconds.
  path: Assets/Bair Examples/ex#6/Goalie Throw.fbx
  artifactKey: Guid(ed0d6a5c09e17c54dbc093a46d6e5668) Importer(815301076,1909f56bfc062723c751e8b465ee728b)
Start importing Assets/Bair Examples/ex#6/Goalie Throw.fbx using Guid(ed0d6a5c09e17c54dbc093a46d6e5668) Importer(815301076,1909f56bfc062723c751e8b465ee728b)  -> (artifact id: '32d723612e0c14ef1478f279bf1592b0') in 0.049825 seconds 
========================================================================
Received Import Request.
  Time since last request: 4.326795 seconds.
  path: Assets/Bair Examples/ex#6/mixamo.com.anim
  artifactKey: Guid(4394f22459d863144af15cbe86cc1ee3) Importer(815301076,1909f56bfc062723c751e8b465ee728b)
Start importing Assets/Bair Examples/ex#6/mixamo.com.anim using Guid(4394f22459d863144af15cbe86cc1ee3) Importer(815301076,1909f56bfc062723c751e8b465ee728b)  -> (artifact id: 'ef4b1e963608756ae8db9aa11d75d050') in 0.021875 seconds 
========================================================================
Received Import Request.
  Time since last request: 20.519641 seconds.
  path: Assets/Bair Examples/ex#6/Throw.anim
  artifactKey: Guid(4394f22459d863144af15cbe86cc1ee3) Importer(815301076,1909f56bfc062723c751e8b465ee728b)
Start importing Assets/Bair Examples/ex#6/Throw.anim using Guid(4394f22459d863144af15cbe86cc1ee3) Importer(815301076,1909f56bfc062723c751e8b465ee728b)  -> (artifact id: '6f799a2769340d613e5d20bdadedbca9') in 0.027130 seconds 
========================================================================
Received Import Request.
  Time since last request: 260.762488 seconds.
  path: Assets/Bair Examples/ex#6/Mutant Roaring.fbx
  artifactKey: Guid(1c1c97cd98229cf49bc3268724c23d22) Importer(815301076,1909f56bfc062723c751e8b465ee728b)
Start importing Assets/Bair Examples/ex#6/Mutant Roaring.fbx using Guid(1c1c97cd98229cf49bc3268724c23d22) Importer(815301076,1909f56bfc062723c751e8b465ee728b)  -> (artifact id: '97028c3a2f53c402a6d8a350d20fb9dd') in 0.046592 seconds 
========================================================================
Received Import Request.
  Time since last request: 10.494358 seconds.
  path: Assets/Bair Examples/ex#6/Mutant Roaring.fbx
  artifactKey: Guid(1c1c97cd98229cf49bc3268724c23d22) Importer(815301076,1909f56bfc062723c751e8b465ee728b)
Start importing Assets/Bair Examples/ex#6/Mutant Roaring.fbx using Guid(1c1c97cd98229cf49bc3268724c23d22) Importer(815301076,1909f56bfc062723c751e8b465ee728b)  -> (artifact id: '1c03885f1bb8fc25ebbdfc8af790d62e') in 0.051604 seconds 
========================================================================
Received Import Request.
  Time since last request: 5.022027 seconds.
  path: Assets/Bair Examples/ex#6/mixamo.com.anim
  artifactKey: Guid(8c9decfb80e039442b24760ba849d6c5) Importer(815301076,1909f56bfc062723c751e8b465ee728b)
Start importing Assets/Bair Examples/ex#6/mixamo.com.anim using Guid(8c9decfb80e039442b24760ba849d6c5) Importer(815301076,1909f56bfc062723c751e8b465ee728b)  -> (artifact id: '9d55a6d796eebbaa6ac0e9744d1f6af7') in 0.019306 seconds 
========================================================================
Received Import Request.
  Time since last request: 20.597316 seconds.
  path: Assets/Bair Examples/ex#6/Roar.anim
  artifactKey: Guid(8c9decfb80e039442b24760ba849d6c5) Importer(815301076,1909f56bfc062723c751e8b465ee728b)
Start importing Assets/Bair Examples/ex#6/Roar.anim using Guid(8c9decfb80e039442b24760ba849d6c5) Importer(815301076,1909f56bfc062723c751e8b465ee728b)  -> (artifact id: 'fee28654f52a965f4acc8a2a66465656') in 0.022357 seconds 
========================================================================
Received Import Request.
  Time since last request: 13.156639 seconds.
  path: Assets/Bair Examples/ex#6/BreathAttack.anim
  artifactKey: Guid(8c9decfb80e039442b24760ba849d6c5) Importer(815301076,1909f56bfc062723c751e8b465ee728b)
Start importing Assets/Bair Examples/ex#6/BreathAttack.anim using Guid(8c9decfb80e039442b24760ba849d6c5) Importer(815301076,1909f56bfc062723c751e8b465ee728b)  -> (artifact id: '2bbd2d00905304335e21631ef84d9b11') in 0.022702 seconds 
========================================================================
Received Import Request.
  Time since last request: 204.642545 seconds.
  path: Assets/Bair Examples/ex#6/Mesh and Ani
  artifactKey: Guid(efc66e45730c86d499d6bd090d3d90ae) Importer(815301076,1909f56bfc062723c751e8b465ee728b)
Start importing Assets/Bair Examples/ex#6/Mesh and Ani using Guid(efc66e45730c86d499d6bd090d3d90ae) Importer(815301076,1909f56bfc062723c751e8b465ee728b)  -> (artifact id: '42ec674e25acb18cd5af6e7f9677019b') in 0.006107 seconds 
========================================================================
Received Import Request.
  Time since last request: 18.613072 seconds.
  path: Assets/Bair Examples/ex#6/New Enemy.asset
  artifactKey: Guid(f958434aa38300846b2d41dba0916ece) Importer(815301076,1909f56bfc062723c751e8b465ee728b)
Start importing Assets/Bair Examples/ex#6/New Enemy.asset using Guid(f958434aa38300846b2d41dba0916ece) Importer(815301076,1909f56bfc062723c751e8b465ee728b)  -> (artifact id: '8281b4dbfb54e4ffe14514ad3a460af2') in 0.011809 seconds 
========================================================================
Received Import Request.
  Time since last request: 39.485264 seconds.
  path: Assets/Bair Examples/ex#6/BossStats.asset
  artifactKey: Guid(f958434aa38300846b2d41dba0916ece) Importer(815301076,1909f56bfc062723c751e8b465ee728b)
Start importing Assets/Bair Examples/ex#6/BossStats.asset using Guid(f958434aa38300846b2d41dba0916ece) Importer(815301076,1909f56bfc062723c751e8b465ee728b)  -> (artifact id: 'd4e24e0aa26666229d6e1ef29a293de4') in 0.005841 seconds 
========================================================================
Received Import Request.
  Time since last request: 31.669187 seconds.
  path: Assets/Bair Examples/ex#6/BossBT.asset
  artifactKey: Guid(0aa8f797151ef6e4f92a83a72208ced9) Importer(815301076,1909f56bfc062723c751e8b465ee728b)
Start importing Assets/Bair Examples/ex#6/BossBT.asset using Guid(0aa8f797151ef6e4f92a83a72208ced9) Importer(815301076,1909f56bfc062723c751e8b465ee728b)  -> (artifact id: '92229b63ab7fa1c9463cf583e109f766') in 0.010045 seconds 
========================================================================
Received Import Request.
  Time since last request: 1.608507 seconds.
  path: Assets/Bair Examples/ex#6/BossBT.asset
  artifactKey: Guid(0aa8f797151ef6e4f92a83a72208ced9) Importer(815301076,1909f56bfc062723c751e8b465ee728b)
Start importing Assets/Bair Examples/ex#6/BossBT.asset using Guid(0aa8f797151ef6e4f92a83a72208ced9) Importer(815301076,1909f56bfc062723c751e8b465ee728b)  -> (artifact id: 'ac71ef796e89ca963d00c4ebf76593d7') in 0.003453 seconds 
========================================================================
Received Import Request.
  Time since last request: 0.006903 seconds.
  path: Assets/Bair Examples/ex#6/BossStats.asset
  artifactKey: Guid(f958434aa38300846b2d41dba0916ece) Importer(815301076,1909f56bfc062723c751e8b465ee728b)
Start importing Assets/Bair Examples/ex#6/BossStats.asset using Guid(f958434aa38300846b2d41dba0916ece) Importer(815301076,1909f56bfc062723c751e8b465ee728b)  -> (artifact id: '6640a5f9c5d5d2616039c0b279aa575c') in 0.002921 seconds 
========================================================================
Received Import Request.
  Time since last request: 91.633052 seconds.
  path: Assets/Bair Examples/ex#6/BossBT.asset
  artifactKey: Guid(0aa8f797151ef6e4f92a83a72208ced9) Importer(815301076,1909f56bfc062723c751e8b465ee728b)
Start importing Assets/Bair Examples/ex#6/BossBT.asset using Guid(0aa8f797151ef6e4f92a83a72208ced9) Importer(815301076,1909f56bfc062723c751e8b465ee728b)  -> (artifact id: 'd4fefb6a870568a2f9319dd975085e38') in 0.002882 seconds 
========================================================================
Received Import Request.
  Time since last request: 21.160575 seconds.
  path: Assets/Bair Examples/ex#6/BossBT.asset
  artifactKey: Guid(0aa8f797151ef6e4f92a83a72208ced9) Importer(815301076,1909f56bfc062723c751e8b465ee728b)
Start importing Assets/Bair Examples/ex#6/BossBT.asset using Guid(0aa8f797151ef6e4f92a83a72208ced9) Importer(815301076,1909f56bfc062723c751e8b465ee728b)  -> (artifact id: 'ff7cd87e13688785c28872b3c0b7db2b') in 0.004037 seconds 
========================================================================
Received Import Request.
  Time since last request: 22.438372 seconds.
  path: Assets/Bair Examples/ex#6/BossBT.asset
  artifactKey: Guid(0aa8f797151ef6e4f92a83a72208ced9) Importer(815301076,1909f56bfc062723c751e8b465ee728b)
Start importing Assets/Bair Examples/ex#6/BossBT.asset using Guid(0aa8f797151ef6e4f92a83a72208ced9) Importer(815301076,1909f56bfc062723c751e8b465ee728b)  -> (artifact id: 'f9a378ed2ee281cf672337aba39371f7') in 0.004003 seconds 
========================================================================
Received Import Request.
  Time since last request: 13.459409 seconds.
  path: Assets/Bair Examples/ex#6/BossBT.asset
  artifactKey: Guid(0aa8f797151ef6e4f92a83a72208ced9) Importer(815301076,1909f56bfc062723c751e8b465ee728b)
Start importing Assets/Bair Examples/ex#6/BossBT.asset using Guid(0aa8f797151ef6e4f92a83a72208ced9) Importer(815301076,1909f56bfc062723c751e8b465ee728b)  -> (artifact id: 'adf84e45c11716bae9ac3560e1903289') in 0.004090 seconds 
========================================================================
Received Import Request.
  Time since last request: 8.562089 seconds.
  path: Assets/Bair Examples/ex#5/enemy ex#5.prefab
  artifactKey: Guid(08ff2671b88b8704d89fd0feb21b02c2) Importer(815301076,1909f56bfc062723c751e8b465ee728b)
Start importing Assets/Bair Examples/ex#5/enemy ex#5.prefab using Guid(08ff2671b88b8704d89fd0feb21b02c2) Importer(815301076,1909f56bfc062723c751e8b465ee728b) Tried select unknown importer for id '-2' '00000000000000000000000000000000'
 -> (artifact id: '96f571a2ea0fdb66fc1c6780b0564c72') in 0.118603 seconds 
========================================================================
Received Import Request.
  Time since last request: 29.951651 seconds.
  path: Assets/Bair Examples/ex#6/BossBT.asset
  artifactKey: Guid(0aa8f797151ef6e4f92a83a72208ced9) Importer(815301076,1909f56bfc062723c751e8b465ee728b)
Start importing Assets/Bair Examples/ex#6/BossBT.asset using Guid(0aa8f797151ef6e4f92a83a72208ced9) Importer(815301076,1909f56bfc062723c751e8b465ee728b)  -> (artifact id: '2e49ea86081367494c818c55893e0657') in 0.003649 seconds 
========================================================================
Received Import Request.
  Time since last request: 31.150213 seconds.
  path: Assets/Bair Examples/ex#6/BossBT.asset
  artifactKey: Guid(0aa8f797151ef6e4f92a83a72208ced9) Importer(815301076,1909f56bfc062723c751e8b465ee728b)
Start importing Assets/Bair Examples/ex#6/BossBT.asset using Guid(0aa8f797151ef6e4f92a83a72208ced9) Importer(815301076,1909f56bfc062723c751e8b465ee728b)  -> (artifact id: '9a1ff7e56b29ad21537deb94322cb13d') in 0.003018 seconds 
========================================================================
Received Import Request.
  Time since last request: 18.382285 seconds.
  path: Assets/Bair Examples/ex#6/BossBT.asset
  artifactKey: Guid(0aa8f797151ef6e4f92a83a72208ced9) Importer(815301076,1909f56bfc062723c751e8b465ee728b)
Start importing Assets/Bair Examples/ex#6/BossBT.asset using Guid(0aa8f797151ef6e4f92a83a72208ced9) Importer(815301076,1909f56bfc062723c751e8b465ee728b)  -> (artifact id: '7f1d0f1b73778feda846642761492e88') in 0.002959 seconds 
========================================================================
Received Import Request.
  Time since last request: 37.159259 seconds.
  path: Assets/Scripts/Enemies/Ai Scriptable Objects/AIActions/Doers/RunAwayfromPlayer.cs
  artifactKey: Guid(d88de9b6c9996724bbc6b05cab805537) Importer(815301076,1909f56bfc062723c751e8b465ee728b)
Start importing Assets/Scripts/Enemies/Ai Scriptable Objects/AIActions/Doers/RunAwayfromPlayer.cs using Guid(d88de9b6c9996724bbc6b05cab805537) Importer(815301076,1909f56bfc062723c751e8b465ee728b)  -> (artifact id: '455329b843fb958a8a55988588eeed9f') in 0.010496 seconds 
========================================================================
Received Import Request.
  Time since last request: 9.572669 seconds.
  path: Assets/Scripts/Enemies/Ai Scriptable Objects/AIActions/Doers/BossDeath.cs
  artifactKey: Guid(dfd3fdf880f2dd446a2ff5e5c188e24b) Importer(815301076,1909f56bfc062723c751e8b465ee728b)
Start importing Assets/Scripts/Enemies/Ai Scriptable Objects/AIActions/Doers/BossDeath.cs using Guid(dfd3fdf880f2dd446a2ff5e5c188e24b) Importer(815301076,1909f56bfc062723c751e8b465ee728b)  -> (artifact id: '923a8f4b797b7d51af6b7e2b85164d66') in 0.006752 seconds 
========================================================================
Received Prepare
Registering precompiled user dll's ...
Registered in 0.001584 seconds.
Begin MonoManager ReloadAssembly
Native extension for UWP target not found
Native extension for WindowsStandalone target not found
Refreshing native plugins compatible for Editor in 1.83 ms, found 2 plugins.
Preloading 0 native plugins for Editor in 0.00 ms.
Mono: successfully reloaded assembly
- Completed reload, in  2.065 seconds
Domain Reload Profiling:
	ReloadAssembly (2068ms)
		BeginReloadAssembly (264ms)
			ExecutionOrderSort (0ms)
			DisableScriptedObjects (14ms)
			BackupInstance (0ms)
			ReleaseScriptingObjects (0ms)
			CreateAndSetChildDomain (108ms)
		EndReloadAssembly (1686ms)
			LoadAssemblies (108ms)
			RebuildTransferFunctionScriptingTraits (0ms)
			SetupTypeCache (333ms)
			ReleaseScriptCaches (4ms)
			RebuildScriptCaches (165ms)
			SetupLoadedEditorAssemblies (938ms)
				LogAssemblyErrors (0ms)
				InitializePlatformSupportModulesInManaged (35ms)
				SetLoadedEditorAssemblies (1ms)
				RefreshPlugins (3ms)
				BeforeProcessingInitializeOnLoad (160ms)
				ProcessInitializeOnLoadAttributes (688ms)
				ProcessInitializeOnLoadMethodAttributes (42ms)
				AfterProcessingInitializeOnLoad (8ms)
				EditorAssembliesLoaded (1ms)
			ExecutionOrderSort2 (0ms)
			AwakeInstancesAfterBackupRestoration (29ms)
Platform modules already initialized, skipping
Refreshing native plugins compatible for Editor in 1.26 ms, found 2 plugins.
Preloading 0 native plugins for Editor in 0.00 ms.
Unloading 1920 Unused Serialized files (Serialized files now loaded: 0)
Unloading 10 unused Assets / (24.6 KB). Loaded Objects now: 2477.
Memory consumption went from 101.4 MB to 101.4 MB.
Total: 7.858100 ms (FindLiveObjects: 0.295600 ms CreateObjectMapping: 3.499900 ms MarkObjects: 4.039400 ms  DeleteObjects: 0.022100 ms)

AssetImportParameters requested are different than current active one (requested -> active):
  custom:video-decoder-ogg-theora: a1e56fd34408186e4bbccfd4996cb3dc -> 
  custom:container-muxer-webm: aa71ff27fc2769a1b78a27578f13a17b -> 
  custom:container-demuxer-webm: 4f35f7cbe854078d1ac9338744f61a02 -> 
  custom:video-encoder-webm-vp8: eb34c28f22e8b96e1ab97ce403110664 -> 
  custom:audio-encoder-webm-vorbis: bf7c407c2cedff20999df2af8eb42d56 -> 
  custom:framework-win-MediaFoundation: 216162199b28c13a410421893ffa2e32 -> 
  custom:container-demuxer-ogg: 62fdf1f143b41e24485cea50d1cbac27 -> 
  custom:video-decoder-webm-vp8: 9c59270c3fd7afecdb556c50c9e8de78 -> 
  custom:audio-decoder-ogg-vorbis: bf7c407c2cedff20999df2af8eb42d56 -> 
========================================================================
Received Import Request.
  Time since last request: 22.441011 seconds.
  path: Assets/Scripts/Enemies/Ai Scriptable Objects/AIActions/Doers/BossDeath.cs
  artifactKey: Guid(dfd3fdf880f2dd446a2ff5e5c188e24b) Importer(815301076,1909f56bfc062723c751e8b465ee728b)
Start importing Assets/Scripts/Enemies/Ai Scriptable Objects/AIActions/Doers/BossDeath.cs using Guid(dfd3fdf880f2dd446a2ff5e5c188e24b) Importer(815301076,1909f56bfc062723c751e8b465ee728b)  -> (artifact id: '10822b82ffb24aacefbd1fd3879d598c') in 0.005505 seconds 
========================================================================
Received Prepare
Registering precompiled user dll's ...
Registered in 0.001433 seconds.
Begin MonoManager ReloadAssembly
Native extension for UWP target not found
Native extension for WindowsStandalone target not found
Refreshing native plugins compatible for Editor in 0.35 ms, found 2 plugins.
Preloading 0 native plugins for Editor in 0.00 ms.
Mono: successfully reloaded assembly
- Completed reload, in  0.893 seconds
Domain Reload Profiling:
	ReloadAssembly (894ms)
		BeginReloadAssembly (123ms)
			ExecutionOrderSort (0ms)
			DisableScriptedObjects (6ms)
			BackupInstance (0ms)
			ReleaseScriptingObjects (0ms)
			CreateAndSetChildDomain (28ms)
		EndReloadAssembly (680ms)
			LoadAssemblies (77ms)
			RebuildTransferFunctionScriptingTraits (0ms)
			SetupTypeCache (182ms)
			ReleaseScriptCaches (1ms)
			RebuildScriptCaches (43ms)
			SetupLoadedEditorAssemblies (339ms)
				LogAssemblyErrors (0ms)
				InitializePlatformSupportModulesInManaged (13ms)
				SetLoadedEditorAssemblies (1ms)
				RefreshPlugins (0ms)
				BeforeProcessingInitializeOnLoad (51ms)
				ProcessInitializeOnLoadAttributes (244ms)
				ProcessInitializeOnLoadMethodAttributes (23ms)
				AfterProcessingInitializeOnLoad (8ms)
				EditorAssembliesLoaded (0ms)
			ExecutionOrderSort2 (0ms)
			AwakeInstancesAfterBackupRestoration (12ms)
Platform modules already initialized, skipping
Refreshing native plugins compatible for Editor in 0.87 ms, found 2 plugins.
Preloading 0 native plugins for Editor in 0.00 ms.
Unloading 1920 Unused Serialized files (Serialized files now loaded: 0)
Unloading 10 unused Assets / (24.7 KB). Loaded Objects now: 2479.
Memory consumption went from 101.4 MB to 101.4 MB.
Total: 3.238300 ms (FindLiveObjects: 0.146700 ms CreateObjectMapping: 0.118800 ms MarkObjects: 2.959100 ms  DeleteObjects: 0.012800 ms)

AssetImportParameters requested are different than current active one (requested -> active):
  custom:video-decoder-ogg-theora: a1e56fd34408186e4bbccfd4996cb3dc -> 
  custom:container-muxer-webm: aa71ff27fc2769a1b78a27578f13a17b -> 
  custom:container-demuxer-webm: 4f35f7cbe854078d1ac9338744f61a02 -> 
  custom:video-encoder-webm-vp8: eb34c28f22e8b96e1ab97ce403110664 -> 
  custom:audio-encoder-webm-vorbis: bf7c407c2cedff20999df2af8eb42d56 -> 
  custom:framework-win-MediaFoundation: 216162199b28c13a410421893ffa2e32 -> 
  custom:container-demuxer-ogg: 62fdf1f143b41e24485cea50d1cbac27 -> 
  custom:video-decoder-webm-vp8: 9c59270c3fd7afecdb556c50c9e8de78 -> 
  custom:audio-decoder-ogg-vorbis: bf7c407c2cedff20999df2af8eb42d56 -> 
========================================================================
Received Import Request.
  Time since last request: 133.094894 seconds.
  path: Assets/Bair Examples/ex#6/BossBT.asset
  artifactKey: Guid(0aa8f797151ef6e4f92a83a72208ced9) Importer(815301076,1909f56bfc062723c751e8b465ee728b)
Start importing Assets/Bair Examples/ex#6/BossBT.asset using Guid(0aa8f797151ef6e4f92a83a72208ced9) Importer(815301076,1909f56bfc062723c751e8b465ee728b)  -> (artifact id: '281493d57902897d92e1a8d98cb963db') in 0.017323 seconds 
========================================================================
Received Prepare
Registering precompiled user dll's ...
Registered in 0.001606 seconds.
Begin MonoManager ReloadAssembly
Native extension for UWP target not found
Native extension for WindowsStandalone target not found
Refreshing native plugins compatible for Editor in 0.44 ms, found 2 plugins.
Preloading 0 native plugins for Editor in 0.00 ms.
Mono: successfully reloaded assembly
- Completed reload, in  0.940 seconds
Domain Reload Profiling:
	ReloadAssembly (941ms)
		BeginReloadAssembly (130ms)
			ExecutionOrderSort (0ms)
			DisableScriptedObjects (6ms)
			BackupInstance (0ms)
			ReleaseScriptingObjects (0ms)
			CreateAndSetChildDomain (30ms)
		EndReloadAssembly (710ms)
			LoadAssemblies (83ms)
			RebuildTransferFunctionScriptingTraits (0ms)
			SetupTypeCache (212ms)
			ReleaseScriptCaches (1ms)
			RebuildScriptCaches (45ms)
			SetupLoadedEditorAssemblies (328ms)
				LogAssemblyErrors (0ms)
				InitializePlatformSupportModulesInManaged (14ms)
				SetLoadedEditorAssemblies (0ms)
				RefreshPlugins (1ms)
				BeforeProcessingInitializeOnLoad (51ms)
				ProcessInitializeOnLoadAttributes (232ms)
				ProcessInitializeOnLoadMethodAttributes (22ms)
				AfterProcessingInitializeOnLoad (8ms)
				EditorAssembliesLoaded (0ms)
			ExecutionOrderSort2 (0ms)
			AwakeInstancesAfterBackupRestoration (11ms)
Platform modules already initialized, skipping
Refreshing native plugins compatible for Editor in 1.26 ms, found 2 plugins.
Preloading 0 native plugins for Editor in 0.00 ms.
Unloading 1920 Unused Serialized files (Serialized files now loaded: 0)
Unloading 10 unused Assets / (24.6 KB). Loaded Objects now: 2481.
Memory consumption went from 101.4 MB to 101.4 MB.
Total: 2.538600 ms (FindLiveObjects: 0.184000 ms CreateObjectMapping: 0.065500 ms MarkObjects: 2.270900 ms  DeleteObjects: 0.016800 ms)

AssetImportParameters requested are different than current active one (requested -> active):
  custom:video-decoder-ogg-theora: a1e56fd34408186e4bbccfd4996cb3dc -> 
  custom:container-muxer-webm: aa71ff27fc2769a1b78a27578f13a17b -> 
  custom:container-demuxer-webm: 4f35f7cbe854078d1ac9338744f61a02 -> 
  custom:video-encoder-webm-vp8: eb34c28f22e8b96e1ab97ce403110664 -> 
  custom:audio-encoder-webm-vorbis: bf7c407c2cedff20999df2af8eb42d56 -> 
  custom:framework-win-MediaFoundation: 216162199b28c13a410421893ffa2e32 -> 
  custom:container-demuxer-ogg: 62fdf1f143b41e24485cea50d1cbac27 -> 
  custom:video-decoder-webm-vp8: 9c59270c3fd7afecdb556c50c9e8de78 -> 
  custom:audio-decoder-ogg-vorbis: bf7c407c2cedff20999df2af8eb42d56 -> 
========================================================================
Received Import Request.
  Time since last request: 1152.855326 seconds.
  path: Assets/Bair Examples/ex#6/BossBT.asset
  artifactKey: Guid(0aa8f797151ef6e4f92a83a72208ced9) Importer(815301076,1909f56bfc062723c751e8b465ee728b)
Start importing Assets/Bair Examples/ex#6/BossBT.asset using Guid(0aa8f797151ef6e4f92a83a72208ced9) Importer(815301076,1909f56bfc062723c751e8b465ee728b)  -> (artifact id: 'eaa01bd2284228afc35b44562e086e96') in 0.014228 seconds 
