Using pre-set license
Built from '2021.2/staging' branch; Version is '2021.2.13f1 (90b6766da538) revision 9483894'; Using compiler version '192829333'; Build Type 'Release'
OS: 'Windows 10  (10.0.19042) 64bit Professional' Language: 'en' Physical Memory: 16317 MB
BatchMode: 1, IsHumanControllingUs: 0, StartBugReporterOnCrash: 0, Is64bit: 1, IsPro: 1

COMMAND LINE ARGUMENTS:
C:\Unity\2021.2.13f1\Editor\Unity.exe
-adb2
-batchMode
-noUpm
-name
AssetImportWorker0
-projectPath
E:/Intership-unity/InternshipAI
-logFile
Logs/AssetImportWorker0.log
-srvPort
61260
Successfully changed project path to: E:/Intership-unity/InternshipAI
E:/Intership-unity/InternshipAI
[UnityMemory] Configuration Parameters - Can be set up in boot.config
    "memorysetup-bucket-allocator-granularity=16"
    "memorysetup-bucket-allocator-bucket-count=8"
    "memorysetup-bucket-allocator-block-size=33554432"
    "memorysetup-bucket-allocator-block-count=8"
    "memorysetup-main-allocator-block-size=16777216"
    "memorysetup-thread-allocator-block-size=16777216"
    "memorysetup-gfx-main-allocator-block-size=16777216"
    "memorysetup-gfx-thread-allocator-block-size=16777216"
    "memorysetup-cache-allocator-block-size=4194304"
    "memorysetup-typetree-allocator-block-size=2097152"
    "memorysetup-profiler-bucket-allocator-granularity=16"
    "memorysetup-profiler-bucket-allocator-bucket-count=8"
    "memorysetup-profiler-bucket-allocator-block-size=33554432"
    "memorysetup-profiler-bucket-allocator-block-count=8"
    "memorysetup-profiler-allocator-block-size=16777216"
    "memorysetup-profiler-editor-allocator-block-size=1048576"
    "memorysetup-temp-allocator-size-main=16777216"
    "memorysetup-job-temp-allocator-block-size=2097152"
    "memorysetup-job-temp-allocator-block-size-background=1048576"
    "memorysetup-job-temp-allocator-reduction-small-platforms=262144"
    "memorysetup-temp-allocator-size-background-worker=32768"
    "memorysetup-temp-allocator-size-job-worker=262144"
    "memorysetup-temp-allocator-size-preload-manager=33554432"
    "memorysetup-temp-allocator-size-nav-mesh-worker=65536"
    "memorysetup-temp-allocator-size-audio-worker=65536"
    "memorysetup-temp-allocator-size-cloud-worker=32768"
    "memorysetup-temp-allocator-size-gi-baking-worker=262144"
    "memorysetup-temp-allocator-size-gfx=262144"
Refreshing native plugins compatible for Editor in 30.03 ms, found 2 plugins.
Preloading 0 native plugins for Editor in 0.00 ms.
Initialize engine version: 2021.2.13f1 (90b6766da538)
[Subsystems] Discovering subsystems at path C:/Unity/2021.2.13f1/Editor/Data/Resources/UnitySubsystems
[Subsystems] Discovering subsystems at path E:/Intership-unity/InternshipAI/Assets
GfxDevice: creating device client; threaded=0; jobified=0
Direct3D:
    Version:  Direct3D 11.0 [level 11.1]
    Renderer: NVIDIA GeForce RTX 2080 SUPER (ID=0x1e81)
    Vendor:   NVIDIA
    VRAM:     8010 MB
    Driver:   30.0.15.1179
Initialize mono
Mono path[0] = 'C:/Unity/2021.2.13f1/Editor/Data/Managed'
Mono path[1] = 'C:/Unity/2021.2.13f1/Editor/Data/MonoBleedingEdge/lib/mono/unityjit-win32'
Mono config path = 'C:/Unity/2021.2.13f1/Editor/Data/MonoBleedingEdge/etc'
Using monoOptions --debugger-agent=transport=dt_socket,embedding=1,server=y,suspend=n,address=127.0.0.1:56144
Begin MonoManager ReloadAssembly
Registering precompiled unity dll's ...
Register platform support module: C:/Unity/2021.2.13f1/Editor/Data/PlaybackEngines/WindowsStandaloneSupport/UnityEditor.WindowsStandalone.Extensions.dll
Register platform support module: C:/Unity/2021.2.13f1/Editor/Data/PlaybackEngines/MetroSupport/UnityEditor.UWP.Extensions.dll
Registered in 0.005910 seconds.
Native extension for UWP target not found
Native extension for WindowsStandalone target not found
Refreshing native plugins compatible for Editor in 30.90 ms, found 2 plugins.
Preloading 0 native plugins for Editor in 0.00 ms.
Mono: successfully reloaded assembly
- Completed reload, in  0.638 seconds
Domain Reload Profiling:
	ReloadAssembly (638ms)
		BeginReloadAssembly (80ms)
			ExecutionOrderSort (0ms)
			DisableScriptedObjects (0ms)
			BackupInstance (0ms)
			ReleaseScriptingObjects (0ms)
			CreateAndSetChildDomain (1ms)
		EndReloadAssembly (450ms)
			LoadAssemblies (78ms)
			RebuildTransferFunctionScriptingTraits (0ms)
			SetupTypeCache (116ms)
			ReleaseScriptCaches (0ms)
			RebuildScriptCaches (32ms)
			SetupLoadedEditorAssemblies (240ms)
				LogAssemblyErrors (0ms)
				InitializePlatformSupportModulesInManaged (8ms)
				SetLoadedEditorAssemblies (0ms)
				RefreshPlugins (31ms)
				BeforeProcessingInitializeOnLoad (1ms)
				ProcessInitializeOnLoadAttributes (154ms)
				ProcessInitializeOnLoadMethodAttributes (46ms)
				AfterProcessingInitializeOnLoad (0ms)
				EditorAssembliesLoaded (0ms)
			ExecutionOrderSort2 (0ms)
			AwakeInstancesAfterBackupRestoration (0ms)
Platform modules already initialized, skipping
Registering precompiled user dll's ...
Registered in 0.002167 seconds.
Begin MonoManager ReloadAssembly
Native extension for UWP target not found
Native extension for WindowsStandalone target not found
Refreshing native plugins compatible for Editor in 31.18 ms, found 2 plugins.
Preloading 0 native plugins for Editor in 0.00 ms.
Mono: successfully reloaded assembly
- Completed reload, in  0.943 seconds
Domain Reload Profiling:
	ReloadAssembly (944ms)
		BeginReloadAssembly (111ms)
			ExecutionOrderSort (0ms)
			DisableScriptedObjects (5ms)
			BackupInstance (0ms)
			ReleaseScriptingObjects (0ms)
			CreateAndSetChildDomain (21ms)
		EndReloadAssembly (723ms)
			LoadAssemblies (72ms)
			RebuildTransferFunctionScriptingTraits (0ms)
			SetupTypeCache (182ms)
			ReleaseScriptCaches (1ms)
			RebuildScriptCaches (48ms)
			SetupLoadedEditorAssemblies (379ms)
				LogAssemblyErrors (0ms)
				InitializePlatformSupportModulesInManaged (7ms)
				SetLoadedEditorAssemblies (0ms)
				RefreshPlugins (31ms)
				BeforeProcessingInitializeOnLoad (48ms)
				ProcessInitializeOnLoadAttributes (257ms)
				ProcessInitializeOnLoadMethodAttributes (27ms)
				AfterProcessingInitializeOnLoad (8ms)
				EditorAssembliesLoaded (0ms)
			ExecutionOrderSort2 (0ms)
			AwakeInstancesAfterBackupRestoration (6ms)
Platform modules already initialized, skipping
========================================================================
Worker process is ready to serve import requests
Launched and connected shader compiler UnityShaderCompiler.exe after 0.07 seconds
Refreshing native plugins compatible for Editor in 0.87 ms, found 2 plugins.
Preloading 0 native plugins for Editor in 0.00 ms.
Unloading 1933 Unused Serialized files (Serialized files now loaded: 0)
Unloading 19 unused Assets / (48.4 KB). Loaded Objects now: 2401.
Memory consumption went from 83.0 MB to 82.9 MB.
Total: 2.939900 ms (FindLiveObjects: 0.181500 ms CreateObjectMapping: 0.097000 ms MarkObjects: 2.570000 ms  DeleteObjects: 0.090200 ms)

AssetImportParameters requested are different than current active one (requested -> active):
  custom:video-decoder-ogg-theora: a1e56fd34408186e4bbccfd4996cb3dc -> 
  custom:container-muxer-webm: aa71ff27fc2769a1b78a27578f13a17b -> 
  custom:container-demuxer-webm: 4f35f7cbe854078d1ac9338744f61a02 -> 
  custom:video-encoder-webm-vp8: eb34c28f22e8b96e1ab97ce403110664 -> 
  custom:audio-encoder-webm-vorbis: bf7c407c2cedff20999df2af8eb42d56 -> 
  custom:framework-win-MediaFoundation: 216162199b28c13a410421893ffa2e32 -> 
  custom:container-demuxer-ogg: 62fdf1f143b41e24485cea50d1cbac27 -> 
  custom:video-decoder-webm-vp8: 9c59270c3fd7afecdb556c50c9e8de78 -> 
  custom:audio-decoder-ogg-vorbis: bf7c407c2cedff20999df2af8eb42d56 -> 
========================================================================
Received Import Request.
  Time since last request: 3671.658204 seconds.
  path: Assets/Scripts/Enemies/Ai Scriptable Objects/AIActions/Checkers/HealthIsAboveXPercentage.cs
  artifactKey: Guid(46e685317a7da2049b420ceaab91a179) Importer(815301076,1909f56bfc062723c751e8b465ee728b)
Start importing Assets/Scripts/Enemies/Ai Scriptable Objects/AIActions/Checkers/HealthIsAboveXPercentage.cs using Guid(46e685317a7da2049b420ceaab91a179) Importer(815301076,1909f56bfc062723c751e8b465ee728b)  -> (artifact id: 'd13d9d591a4e7980a0aa726207d7d43a') in 0.041464 seconds 
========================================================================
Received Prepare
Registering precompiled user dll's ...
Registered in 0.002159 seconds.
Begin MonoManager ReloadAssembly
Native extension for UWP target not found
Native extension for WindowsStandalone target not found
Refreshing native plugins compatible for Editor in 0.43 ms, found 2 plugins.
Preloading 0 native plugins for Editor in 0.00 ms.
Mono: successfully reloaded assembly
- Completed reload, in  1.240 seconds
Domain Reload Profiling:
	ReloadAssembly (1241ms)
		BeginReloadAssembly (264ms)
			ExecutionOrderSort (0ms)
			DisableScriptedObjects (7ms)
			BackupInstance (0ms)
			ReleaseScriptingObjects (0ms)
			CreateAndSetChildDomain (97ms)
		EndReloadAssembly (842ms)
			LoadAssemblies (142ms)
			RebuildTransferFunctionScriptingTraits (0ms)
			SetupTypeCache (266ms)
			ReleaseScriptCaches (2ms)
			RebuildScriptCaches (53ms)
			SetupLoadedEditorAssemblies (381ms)
				LogAssemblyErrors (0ms)
				InitializePlatformSupportModulesInManaged (15ms)
				SetLoadedEditorAssemblies (0ms)
				RefreshPlugins (0ms)
				BeforeProcessingInitializeOnLoad (54ms)
				ProcessInitializeOnLoadAttributes (270ms)
				ProcessInitializeOnLoadMethodAttributes (31ms)
				AfterProcessingInitializeOnLoad (9ms)
				EditorAssembliesLoaded (0ms)
			ExecutionOrderSort2 (0ms)
			AwakeInstancesAfterBackupRestoration (8ms)
Platform modules already initialized, skipping
Refreshing native plugins compatible for Editor in 1.32 ms, found 2 plugins.
Preloading 0 native plugins for Editor in 0.00 ms.
Unloading 1926 Unused Serialized files (Serialized files now loaded: 0)
Unloading 10 unused Assets / (24.6 KB). Loaded Objects now: 2403.
Memory consumption went from 82.7 MB to 82.7 MB.
Total: 2.673400 ms (FindLiveObjects: 0.234600 ms CreateObjectMapping: 0.085700 ms MarkObjects: 2.335500 ms  DeleteObjects: 0.016300 ms)

AssetImportParameters requested are different than current active one (requested -> active):
  custom:video-decoder-ogg-theora: a1e56fd34408186e4bbccfd4996cb3dc -> 
  custom:container-muxer-webm: aa71ff27fc2769a1b78a27578f13a17b -> 
  custom:container-demuxer-webm: 4f35f7cbe854078d1ac9338744f61a02 -> 
  custom:video-encoder-webm-vp8: eb34c28f22e8b96e1ab97ce403110664 -> 
  custom:audio-encoder-webm-vorbis: bf7c407c2cedff20999df2af8eb42d56 -> 
  custom:framework-win-MediaFoundation: 216162199b28c13a410421893ffa2e32 -> 
  custom:container-demuxer-ogg: 62fdf1f143b41e24485cea50d1cbac27 -> 
  custom:video-decoder-webm-vp8: 9c59270c3fd7afecdb556c50c9e8de78 -> 
  custom:audio-decoder-ogg-vorbis: bf7c407c2cedff20999df2af8eb42d56 -> 
========================================================================
Received Import Request.
  Time since last request: 33.518280 seconds.
  path: Assets/Scripts/Enemies/Ai Scriptable Objects/AIActions/Checkers/HealthIsAboveXPercentage.cs
  artifactKey: Guid(46e685317a7da2049b420ceaab91a179) Importer(815301076,1909f56bfc062723c751e8b465ee728b)
Start importing Assets/Scripts/Enemies/Ai Scriptable Objects/AIActions/Checkers/HealthIsAboveXPercentage.cs using Guid(46e685317a7da2049b420ceaab91a179) Importer(815301076,1909f56bfc062723c751e8b465ee728b)  -> (artifact id: '60e34dd018de2b00ece5376761f0e59e') in 0.004145 seconds 
========================================================================
Received Import Request.
  Time since last request: 86.470602 seconds.
  path: Assets/Scripts/Enemies/Ai Scriptable Objects/AIActions/Checkers/HealthIsAboveXPercentage.cs
  artifactKey: Guid(46e685317a7da2049b420ceaab91a179) Importer(815301076,1909f56bfc062723c751e8b465ee728b)
Start importing Assets/Scripts/Enemies/Ai Scriptable Objects/AIActions/Checkers/HealthIsAboveXPercentage.cs using Guid(46e685317a7da2049b420ceaab91a179) Importer(815301076,1909f56bfc062723c751e8b465ee728b)  -> (artifact id: '739206b0680d444d3ae21f8e314e5427') in 0.004699 seconds 
========================================================================
Received Import Request.
  Time since last request: 518.235222 seconds.
  path: Assets/Scripts/Enemies/Ai Scriptable Objects/AIActions/Checkers/HealthIsAboveXPercentage.cs
  artifactKey: Guid(46e685317a7da2049b420ceaab91a179) Importer(815301076,1909f56bfc062723c751e8b465ee728b)
Start importing Assets/Scripts/Enemies/Ai Scriptable Objects/AIActions/Checkers/HealthIsAboveXPercentage.cs using Guid(46e685317a7da2049b420ceaab91a179) Importer(815301076,1909f56bfc062723c751e8b465ee728b)  -> (artifact id: 'b5921a9a8a1ae0ea8171a0370f186e3b') in 0.003168 seconds 
========================================================================
Received Prepare
Registering precompiled user dll's ...
Registered in 0.002599 seconds.
Begin MonoManager ReloadAssembly
Native extension for UWP target not found
Native extension for WindowsStandalone target not found
Refreshing native plugins compatible for Editor in 0.48 ms, found 2 plugins.
Preloading 0 native plugins for Editor in 0.00 ms.
Mono: successfully reloaded assembly
- Completed reload, in  0.945 seconds
Domain Reload Profiling:
	ReloadAssembly (946ms)
		BeginReloadAssembly (151ms)
			ExecutionOrderSort (0ms)
			DisableScriptedObjects (5ms)
			BackupInstance (0ms)
			ReleaseScriptingObjects (0ms)
			CreateAndSetChildDomain (40ms)
		EndReloadAssembly (698ms)
			LoadAssemblies (87ms)
			RebuildTransferFunctionScriptingTraits (0ms)
			SetupTypeCache (182ms)
			ReleaseScriptCaches (1ms)
			RebuildScriptCaches (43ms)
			SetupLoadedEditorAssemblies (368ms)
				LogAssemblyErrors (0ms)
				InitializePlatformSupportModulesInManaged (14ms)
				SetLoadedEditorAssemblies (0ms)
				RefreshPlugins (1ms)
				BeforeProcessingInitializeOnLoad (54ms)
				ProcessInitializeOnLoadAttributes (264ms)
				ProcessInitializeOnLoadMethodAttributes (28ms)
				AfterProcessingInitializeOnLoad (7ms)
				EditorAssembliesLoaded (0ms)
			ExecutionOrderSort2 (0ms)
			AwakeInstancesAfterBackupRestoration (6ms)
Platform modules already initialized, skipping
Refreshing native plugins compatible for Editor in 1.02 ms, found 2 plugins.
Preloading 0 native plugins for Editor in 0.00 ms.
Unloading 1926 Unused Serialized files (Serialized files now loaded: 0)
Unloading 10 unused Assets / (24.6 KB). Loaded Objects now: 2405.
Memory consumption went from 82.7 MB to 82.7 MB.
Total: 2.406100 ms (FindLiveObjects: 0.138100 ms CreateObjectMapping: 0.060900 ms MarkObjects: 2.196000 ms  DeleteObjects: 0.010300 ms)

AssetImportParameters requested are different than current active one (requested -> active):
  custom:video-decoder-ogg-theora: a1e56fd34408186e4bbccfd4996cb3dc -> 
  custom:container-muxer-webm: aa71ff27fc2769a1b78a27578f13a17b -> 
  custom:container-demuxer-webm: 4f35f7cbe854078d1ac9338744f61a02 -> 
  custom:video-encoder-webm-vp8: eb34c28f22e8b96e1ab97ce403110664 -> 
  custom:audio-encoder-webm-vorbis: bf7c407c2cedff20999df2af8eb42d56 -> 
  custom:framework-win-MediaFoundation: 216162199b28c13a410421893ffa2e32 -> 
  custom:container-demuxer-ogg: 62fdf1f143b41e24485cea50d1cbac27 -> 
  custom:video-decoder-webm-vp8: 9c59270c3fd7afecdb556c50c9e8de78 -> 
  custom:audio-decoder-ogg-vorbis: bf7c407c2cedff20999df2af8eb42d56 -> 
========================================================================
Received Import Request.
  Time since last request: 54.738450 seconds.
  path: Assets/Scripts/Enemies/Ai Scriptable Objects/AIActions/Checkers/HealthIsAboveXPercentage.cs
  artifactKey: Guid(46e685317a7da2049b420ceaab91a179) Importer(815301076,1909f56bfc062723c751e8b465ee728b)
Start importing Assets/Scripts/Enemies/Ai Scriptable Objects/AIActions/Checkers/HealthIsAboveXPercentage.cs using Guid(46e685317a7da2049b420ceaab91a179) Importer(815301076,1909f56bfc062723c751e8b465ee728b)  -> (artifact id: 'ba88f3d8e1f571c434d69bbfd63108b5') in 0.005820 seconds 
========================================================================
Received Prepare
Registering precompiled user dll's ...
Registered in 0.001457 seconds.
Begin MonoManager ReloadAssembly
Native extension for UWP target not found
Native extension for WindowsStandalone target not found
Refreshing native plugins compatible for Editor in 0.40 ms, found 2 plugins.
Preloading 0 native plugins for Editor in 0.00 ms.
Mono: successfully reloaded assembly
- Completed reload, in  0.931 seconds
Domain Reload Profiling:
	ReloadAssembly (932ms)
		BeginReloadAssembly (142ms)
			ExecutionOrderSort (0ms)
			DisableScriptedObjects (5ms)
			BackupInstance (0ms)
			ReleaseScriptingObjects (0ms)
			CreateAndSetChildDomain (33ms)
		EndReloadAssembly (690ms)
			LoadAssemblies (91ms)
			RebuildTransferFunctionScriptingTraits (0ms)
			SetupTypeCache (185ms)
			ReleaseScriptCaches (1ms)
			RebuildScriptCaches (49ms)
			SetupLoadedEditorAssemblies (345ms)
				LogAssemblyErrors (0ms)
				InitializePlatformSupportModulesInManaged (13ms)
				SetLoadedEditorAssemblies (0ms)
				RefreshPlugins (0ms)
				BeforeProcessingInitializeOnLoad (58ms)
				ProcessInitializeOnLoadAttributes (241ms)
				ProcessInitializeOnLoadMethodAttributes (23ms)
				AfterProcessingInitializeOnLoad (8ms)
				EditorAssembliesLoaded (0ms)
			ExecutionOrderSort2 (0ms)
			AwakeInstancesAfterBackupRestoration (6ms)
Platform modules already initialized, skipping
Refreshing native plugins compatible for Editor in 1.00 ms, found 2 plugins.
Preloading 0 native plugins for Editor in 0.00 ms.
Unloading 1926 Unused Serialized files (Serialized files now loaded: 0)
Unloading 10 unused Assets / (24.6 KB). Loaded Objects now: 2407.
Memory consumption went from 82.7 MB to 82.7 MB.
Total: 2.807900 ms (FindLiveObjects: 0.237000 ms CreateObjectMapping: 0.090900 ms MarkObjects: 2.464300 ms  DeleteObjects: 0.014400 ms)

AssetImportParameters requested are different than current active one (requested -> active):
  custom:video-decoder-ogg-theora: a1e56fd34408186e4bbccfd4996cb3dc -> 
  custom:container-muxer-webm: aa71ff27fc2769a1b78a27578f13a17b -> 
  custom:container-demuxer-webm: 4f35f7cbe854078d1ac9338744f61a02 -> 
  custom:video-encoder-webm-vp8: eb34c28f22e8b96e1ab97ce403110664 -> 
  custom:audio-encoder-webm-vorbis: bf7c407c2cedff20999df2af8eb42d56 -> 
  custom:framework-win-MediaFoundation: 216162199b28c13a410421893ffa2e32 -> 
  custom:container-demuxer-ogg: 62fdf1f143b41e24485cea50d1cbac27 -> 
  custom:video-decoder-webm-vp8: 9c59270c3fd7afecdb556c50c9e8de78 -> 
  custom:audio-decoder-ogg-vorbis: bf7c407c2cedff20999df2af8eb42d56 -> 
========================================================================
Received Import Request.
  Time since last request: 9.187299 seconds.
  path: Assets/Bair Examples/Patrol and attack/enemy ex 2.prefab
  artifactKey: Guid(8cd432c1d1d58534b9a0837eb125056d) Importer(815301076,1909f56bfc062723c751e8b465ee728b)
Start importing Assets/Bair Examples/Patrol and attack/enemy ex 2.prefab using Guid(8cd432c1d1d58534b9a0837eb125056d) Importer(815301076,1909f56bfc062723c751e8b465ee728b) Tried select unknown importer for id '-2' '00000000000000000000000000000000'
 -> (artifact id: '0472d7718fa529352f16e0421171e10a') in 0.130609 seconds 
========================================================================
Received Import Request.
  Time since last request: 0.226283 seconds.
  path: Assets/Bair Examples/ex#5/enemy ex#5.prefab
  artifactKey: Guid(08ff2671b88b8704d89fd0feb21b02c2) Importer(815301076,1909f56bfc062723c751e8b465ee728b)
Start importing Assets/Bair Examples/ex#5/enemy ex#5.prefab using Guid(08ff2671b88b8704d89fd0feb21b02c2) Importer(815301076,1909f56bfc062723c751e8b465ee728b) Tried select unknown importer for id '-2' '00000000000000000000000000000000'
 -> (artifact id: '7858cdbd834e6ef50ed9a12145ff0d75') in 0.135869 seconds 
========================================================================
Received Import Request.
  Time since last request: 12.490883 seconds.
  path: Assets/Bair Examples/ex#6/BossBT.asset
  artifactKey: Guid(0aa8f797151ef6e4f92a83a72208ced9) Importer(815301076,1909f56bfc062723c751e8b465ee728b)
Start importing Assets/Bair Examples/ex#6/BossBT.asset using Guid(0aa8f797151ef6e4f92a83a72208ced9) Importer(815301076,1909f56bfc062723c751e8b465ee728b)  -> (artifact id: '3ccf00127bee2b2dd46b6926b87208f6') in 0.009018 seconds 
========================================================================
Received Import Request.
  Time since last request: 10.582531 seconds.
  path: Assets/Bair Examples/ex#6/BossBT.asset
  artifactKey: Guid(0aa8f797151ef6e4f92a83a72208ced9) Importer(815301076,1909f56bfc062723c751e8b465ee728b)
Start importing Assets/Bair Examples/ex#6/BossBT.asset using Guid(0aa8f797151ef6e4f92a83a72208ced9) Importer(815301076,1909f56bfc062723c751e8b465ee728b)  -> (artifact id: '094f21a48b27043e8134404335135b19') in 0.005758 seconds 
========================================================================
Received Import Request.
  Time since last request: 27.809317 seconds.
  path: Assets/Bair Examples/ex#6/BossBT.asset
  artifactKey: Guid(0aa8f797151ef6e4f92a83a72208ced9) Importer(815301076,1909f56bfc062723c751e8b465ee728b)
Start importing Assets/Bair Examples/ex#6/BossBT.asset using Guid(0aa8f797151ef6e4f92a83a72208ced9) Importer(815301076,1909f56bfc062723c751e8b465ee728b)  -> (artifact id: 'a1eccdd5ff7cd550e0782e30963d2c04') in 0.005522 seconds 
========================================================================
Received Import Request.
  Time since last request: 11.454209 seconds.
  path: Assets/Bair Examples/ex#6/BossBT.asset
  artifactKey: Guid(0aa8f797151ef6e4f92a83a72208ced9) Importer(815301076,1909f56bfc062723c751e8b465ee728b)
Start importing Assets/Bair Examples/ex#6/BossBT.asset using Guid(0aa8f797151ef6e4f92a83a72208ced9) Importer(815301076,1909f56bfc062723c751e8b465ee728b)  -> (artifact id: 'b96faf4dda8e6ae1ccb88c10123efcfb') in 0.003971 seconds 
========================================================================
Received Import Request.
  Time since last request: 334.152551 seconds.
  path: Assets/Bair Examples/ex#6/BossBT.asset
  artifactKey: Guid(0aa8f797151ef6e4f92a83a72208ced9) Importer(815301076,1909f56bfc062723c751e8b465ee728b)
Start importing Assets/Bair Examples/ex#6/BossBT.asset using Guid(0aa8f797151ef6e4f92a83a72208ced9) Importer(815301076,1909f56bfc062723c751e8b465ee728b)  -> (artifact id: '79ce8b5b845225d22c2281543fdd3721') in 0.003675 seconds 
========================================================================
Received Import Request.
  Time since last request: 21.774515 seconds.
  path: Assets/Bair Examples/ex#6/BossBT.asset
  artifactKey: Guid(0aa8f797151ef6e4f92a83a72208ced9) Importer(815301076,1909f56bfc062723c751e8b465ee728b)
Start importing Assets/Bair Examples/ex#6/BossBT.asset using Guid(0aa8f797151ef6e4f92a83a72208ced9) Importer(815301076,1909f56bfc062723c751e8b465ee728b)  -> (artifact id: '25aca4a3f094b9dc06106ae198c11b1b') in 0.006209 seconds 
========================================================================
Received Import Request.
  Time since last request: 21.263988 seconds.
  path: Assets/Bair Examples/ex#6/BossBT.asset
  artifactKey: Guid(0aa8f797151ef6e4f92a83a72208ced9) Importer(815301076,1909f56bfc062723c751e8b465ee728b)
Start importing Assets/Bair Examples/ex#6/BossBT.asset using Guid(0aa8f797151ef6e4f92a83a72208ced9) Importer(815301076,1909f56bfc062723c751e8b465ee728b)  -> (artifact id: 'e3b34a46e1d54fb914a5b03e1539d625') in 0.006504 seconds 
========================================================================
Received Import Request.
  Time since last request: 938.110616 seconds.
  path: Assets/Bair Examples/ex#6/BossBT.asset
  artifactKey: Guid(0aa8f797151ef6e4f92a83a72208ced9) Importer(815301076,1909f56bfc062723c751e8b465ee728b)
Start importing Assets/Bair Examples/ex#6/BossBT.asset using Guid(0aa8f797151ef6e4f92a83a72208ced9) Importer(815301076,1909f56bfc062723c751e8b465ee728b)  -> (artifact id: '84966c2ea8b9ca42674a8fae98b697e1') in 0.004733 seconds 
========================================================================
Received Import Request.
  Time since last request: 16.275171 seconds.
  path: Assets/Bair Examples/ex#6/BossBT.asset
  artifactKey: Guid(0aa8f797151ef6e4f92a83a72208ced9) Importer(815301076,1909f56bfc062723c751e8b465ee728b)
Start importing Assets/Bair Examples/ex#6/BossBT.asset using Guid(0aa8f797151ef6e4f92a83a72208ced9) Importer(815301076,1909f56bfc062723c751e8b465ee728b)  -> (artifact id: '2c9c9c9312e3ffa0bb10bc27e7f446ea') in 0.006498 seconds 
========================================================================
Received Import Request.
  Time since last request: 28.290825 seconds.
  path: Assets/Bair Examples/ex#6/BossBT.asset
  artifactKey: Guid(0aa8f797151ef6e4f92a83a72208ced9) Importer(815301076,1909f56bfc062723c751e8b465ee728b)
Start importing Assets/Bair Examples/ex#6/BossBT.asset using Guid(0aa8f797151ef6e4f92a83a72208ced9) Importer(815301076,1909f56bfc062723c751e8b465ee728b)  -> (artifact id: 'd6fbf5652624b5b6c3a448cdb2e3ca6a') in 0.006637 seconds 
========================================================================
Received Import Request.
  Time since last request: 17.508129 seconds.
  path: Assets/Bair Examples/ex#6/BossBT.asset
  artifactKey: Guid(0aa8f797151ef6e4f92a83a72208ced9) Importer(815301076,1909f56bfc062723c751e8b465ee728b)
Start importing Assets/Bair Examples/ex#6/BossBT.asset using Guid(0aa8f797151ef6e4f92a83a72208ced9) Importer(815301076,1909f56bfc062723c751e8b465ee728b)  -> (artifact id: '59df97595b9d8328647f2a77166b69f5') in 0.006624 seconds 
========================================================================
Received Import Request.
  Time since last request: 9.782951 seconds.
  path: Assets/Bair Examples/ex#6/BossBT.asset
  artifactKey: Guid(0aa8f797151ef6e4f92a83a72208ced9) Importer(815301076,1909f56bfc062723c751e8b465ee728b)
Start importing Assets/Bair Examples/ex#6/BossBT.asset using Guid(0aa8f797151ef6e4f92a83a72208ced9) Importer(815301076,1909f56bfc062723c751e8b465ee728b)  -> (artifact id: '899787d50ceee338149dd6f66f00c85b') in 0.006506 seconds 
========================================================================
Received Import Request.
  Time since last request: 197.734766 seconds.
  path: Assets/Bair Examples/ex#6/BossBT.asset
  artifactKey: Guid(0aa8f797151ef6e4f92a83a72208ced9) Importer(815301076,1909f56bfc062723c751e8b465ee728b)
Start importing Assets/Bair Examples/ex#6/BossBT.asset using Guid(0aa8f797151ef6e4f92a83a72208ced9) Importer(815301076,1909f56bfc062723c751e8b465ee728b)  -> (artifact id: '69663e70b1ceec5cf00f5e80b0e8b0ae') in 0.007793 seconds 
========================================================================
Received Import Request.
  Time since last request: 45.775250 seconds.
  path: Assets/Bair Examples/ex#6/BossBT.asset
  artifactKey: Guid(0aa8f797151ef6e4f92a83a72208ced9) Importer(815301076,1909f56bfc062723c751e8b465ee728b)
Start importing Assets/Bair Examples/ex#6/BossBT.asset using Guid(0aa8f797151ef6e4f92a83a72208ced9) Importer(815301076,1909f56bfc062723c751e8b465ee728b)  -> (artifact id: '67f61212751e9bbea398563ff05e05da') in 0.006810 seconds 
========================================================================
Received Import Request.
  Time since last request: 20.739517 seconds.
  path: Assets/Bair Examples/ex#6/BossBT.asset
  artifactKey: Guid(0aa8f797151ef6e4f92a83a72208ced9) Importer(815301076,1909f56bfc062723c751e8b465ee728b)
Start importing Assets/Bair Examples/ex#6/BossBT.asset using Guid(0aa8f797151ef6e4f92a83a72208ced9) Importer(815301076,1909f56bfc062723c751e8b465ee728b)  -> (artifact id: '3744fd0e650eaba533b874273f236fed') in 0.007417 seconds 
========================================================================
Received Import Request.
  Time since last request: 27.916557 seconds.
  path: Assets/Bair Examples/ex#6/BossBT.asset
  artifactKey: Guid(0aa8f797151ef6e4f92a83a72208ced9) Importer(815301076,1909f56bfc062723c751e8b465ee728b)
Start importing Assets/Bair Examples/ex#6/BossBT.asset using Guid(0aa8f797151ef6e4f92a83a72208ced9) Importer(815301076,1909f56bfc062723c751e8b465ee728b)  -> (artifact id: '2f4515e44d8d523b87b768a4ea24ba15') in 0.008777 seconds 
========================================================================
Received Import Request.
  Time since last request: 1.892546 seconds.
  path: Assets/Bair Examples/ex#6/BossBT.asset
  artifactKey: Guid(0aa8f797151ef6e4f92a83a72208ced9) Importer(815301076,1909f56bfc062723c751e8b465ee728b)
Start importing Assets/Bair Examples/ex#6/BossBT.asset using Guid(0aa8f797151ef6e4f92a83a72208ced9) Importer(815301076,1909f56bfc062723c751e8b465ee728b)  -> (artifact id: 'b538fa6d4d080d886fb8e6e4fa9af1ad') in 0.004439 seconds 
========================================================================
Received Import Request.
  Time since last request: 28.707543 seconds.
  path: Assets/Bair Examples/ex#6/BossBT.asset
  artifactKey: Guid(0aa8f797151ef6e4f92a83a72208ced9) Importer(815301076,1909f56bfc062723c751e8b465ee728b)
Start importing Assets/Bair Examples/ex#6/BossBT.asset using Guid(0aa8f797151ef6e4f92a83a72208ced9) Importer(815301076,1909f56bfc062723c751e8b465ee728b)  -> (artifact id: '4fd1104cb49b96bd0ddbcf0135ceb056') in 0.007635 seconds 
========================================================================
Received Import Request.
  Time since last request: 15.178705 seconds.
  path: Assets/Bair Examples/ex#6/BossBT.asset
  artifactKey: Guid(0aa8f797151ef6e4f92a83a72208ced9) Importer(815301076,1909f56bfc062723c751e8b465ee728b)
Start importing Assets/Bair Examples/ex#6/BossBT.asset using Guid(0aa8f797151ef6e4f92a83a72208ced9) Importer(815301076,1909f56bfc062723c751e8b465ee728b)  -> (artifact id: 'cb45d5b325f6bbb6f2a944b2425943fa') in 0.004731 seconds 
========================================================================
Received Import Request.
  Time since last request: 18.907027 seconds.
  path: Assets/Bair Examples/ex#6/BossBT.asset
  artifactKey: Guid(0aa8f797151ef6e4f92a83a72208ced9) Importer(815301076,1909f56bfc062723c751e8b465ee728b)
Start importing Assets/Bair Examples/ex#6/BossBT.asset using Guid(0aa8f797151ef6e4f92a83a72208ced9) Importer(815301076,1909f56bfc062723c751e8b465ee728b)  -> (artifact id: '7d68e21378dcad3a9b4816ae7564add9') in 0.008585 seconds 
========================================================================
Received Import Request.
  Time since last request: 13.216614 seconds.
  path: Assets/Bair Examples/ex#6/BossBT.asset
  artifactKey: Guid(0aa8f797151ef6e4f92a83a72208ced9) Importer(815301076,1909f56bfc062723c751e8b465ee728b)
Start importing Assets/Bair Examples/ex#6/BossBT.asset using Guid(0aa8f797151ef6e4f92a83a72208ced9) Importer(815301076,1909f56bfc062723c751e8b465ee728b)  -> (artifact id: 'c4fb250ac890318d0081f968c1f2d62c') in 0.007054 seconds 
========================================================================
Received Import Request.
  Time since last request: 1.744301 seconds.
  path: Assets/Bair Examples/ex#6/BossBT.asset
  artifactKey: Guid(0aa8f797151ef6e4f92a83a72208ced9) Importer(815301076,1909f56bfc062723c751e8b465ee728b)
Start importing Assets/Bair Examples/ex#6/BossBT.asset using Guid(0aa8f797151ef6e4f92a83a72208ced9) Importer(815301076,1909f56bfc062723c751e8b465ee728b)  -> (artifact id: '40e041f579f094f7afb425d277844cb5') in 0.004903 seconds 
========================================================================
Received Import Request.
  Time since last request: 592.579698 seconds.
  path: Assets/Scripts/Enemies/Ai Scriptable Objects/AIActions/Checkers/RangedSensorCheck.cs
  artifactKey: Guid(f39dd317fd8419b43b6cfb3bf6700387) Importer(815301076,1909f56bfc062723c751e8b465ee728b)
Start importing Assets/Scripts/Enemies/Ai Scriptable Objects/AIActions/Checkers/RangedSensorCheck.cs using Guid(f39dd317fd8419b43b6cfb3bf6700387) Importer(815301076,1909f56bfc062723c751e8b465ee728b)  -> (artifact id: '6ebc52fd4c18e3212bcd50c0dbc6911c') in 0.005995 seconds 
========================================================================
Received Prepare
Registering precompiled user dll's ...
Registered in 0.002430 seconds.
Begin MonoManager ReloadAssembly
Native extension for UWP target not found
Native extension for WindowsStandalone target not found
Refreshing native plugins compatible for Editor in 0.68 ms, found 2 plugins.
Preloading 0 native plugins for Editor in 0.00 ms.
Mono: successfully reloaded assembly
- Completed reload, in  1.218 seconds
Domain Reload Profiling:
	ReloadAssembly (1219ms)
		BeginReloadAssembly (258ms)
			ExecutionOrderSort (0ms)
			DisableScriptedObjects (7ms)
			BackupInstance (0ms)
			ReleaseScriptingObjects (0ms)
			CreateAndSetChildDomain (103ms)
		EndReloadAssembly (848ms)
			LoadAssemblies (116ms)
			RebuildTransferFunctionScriptingTraits (0ms)
			SetupTypeCache (206ms)
			ReleaseScriptCaches (3ms)
			RebuildScriptCaches (65ms)
			SetupLoadedEditorAssemblies (430ms)
				LogAssemblyErrors (0ms)
				InitializePlatformSupportModulesInManaged (16ms)
				SetLoadedEditorAssemblies (0ms)
				RefreshPlugins (1ms)
				BeforeProcessingInitializeOnLoad (74ms)
				ProcessInitializeOnLoadAttributes (299ms)
				ProcessInitializeOnLoadMethodAttributes (30ms)
				AfterProcessingInitializeOnLoad (11ms)
				EditorAssembliesLoaded (0ms)
			ExecutionOrderSort2 (0ms)
			AwakeInstancesAfterBackupRestoration (11ms)
Platform modules already initialized, skipping
Refreshing native plugins compatible for Editor in 2.08 ms, found 2 plugins.
Preloading 0 native plugins for Editor in 0.00 ms.
Unloading 1927 Unused Serialized files (Serialized files now loaded: 0)
Unloading 10 unused Assets / (24.6 KB). Loaded Objects now: 2421.
Memory consumption went from 99.5 MB to 99.5 MB.
Total: 9.517200 ms (FindLiveObjects: 2.998400 ms CreateObjectMapping: 0.246000 ms MarkObjects: 6.247300 ms  DeleteObjects: 0.022100 ms)

AssetImportParameters requested are different than current active one (requested -> active):
  custom:video-decoder-ogg-theora: a1e56fd34408186e4bbccfd4996cb3dc -> 
  custom:container-muxer-webm: aa71ff27fc2769a1b78a27578f13a17b -> 
  custom:container-demuxer-webm: 4f35f7cbe854078d1ac9338744f61a02 -> 
  custom:video-encoder-webm-vp8: eb34c28f22e8b96e1ab97ce403110664 -> 
  custom:audio-encoder-webm-vorbis: bf7c407c2cedff20999df2af8eb42d56 -> 
  custom:framework-win-MediaFoundation: 216162199b28c13a410421893ffa2e32 -> 
  custom:container-demuxer-ogg: 62fdf1f143b41e24485cea50d1cbac27 -> 
  custom:video-decoder-webm-vp8: 9c59270c3fd7afecdb556c50c9e8de78 -> 
  custom:audio-decoder-ogg-vorbis: bf7c407c2cedff20999df2af8eb42d56 -> 
========================================================================
Received Import Request.
  Time since last request: 18.822452 seconds.
  path: Assets/Scripts/Enemies/Ai Scriptable Objects/AIActions/Checkers/MeleeSensorCheck.cs
  artifactKey: Guid(46af2bfbf43caf84d971e03354474ae5) Importer(815301076,1909f56bfc062723c751e8b465ee728b)
Start importing Assets/Scripts/Enemies/Ai Scriptable Objects/AIActions/Checkers/MeleeSensorCheck.cs using Guid(46af2bfbf43caf84d971e03354474ae5) Importer(815301076,1909f56bfc062723c751e8b465ee728b)  -> (artifact id: '0e1f88a0c5d52e6a5787990f5ce7a61c') in 0.007081 seconds 
========================================================================
Received Prepare
Registering precompiled user dll's ...
Registered in 0.001373 seconds.
Begin MonoManager ReloadAssembly
Native extension for UWP target not found
Native extension for WindowsStandalone target not found
Refreshing native plugins compatible for Editor in 0.37 ms, found 2 plugins.
Preloading 0 native plugins for Editor in 0.00 ms.
Mono: successfully reloaded assembly
- Completed reload, in  0.902 seconds
Domain Reload Profiling:
	ReloadAssembly (903ms)
		BeginReloadAssembly (132ms)
			ExecutionOrderSort (0ms)
			DisableScriptedObjects (5ms)
			BackupInstance (0ms)
			ReleaseScriptingObjects (0ms)
			CreateAndSetChildDomain (35ms)
		EndReloadAssembly (666ms)
			LoadAssemblies (75ms)
			RebuildTransferFunctionScriptingTraits (0ms)
			SetupTypeCache (196ms)
			ReleaseScriptCaches (1ms)
			RebuildScriptCaches (42ms)
			SetupLoadedEditorAssemblies (329ms)
				LogAssemblyErrors (0ms)
				InitializePlatformSupportModulesInManaged (12ms)
				SetLoadedEditorAssemblies (0ms)
				RefreshPlugins (0ms)
				BeforeProcessingInitializeOnLoad (50ms)
				ProcessInitializeOnLoadAttributes (235ms)
				ProcessInitializeOnLoadMethodAttributes (24ms)
				AfterProcessingInitializeOnLoad (8ms)
				EditorAssembliesLoaded (0ms)
			ExecutionOrderSort2 (0ms)
			AwakeInstancesAfterBackupRestoration (6ms)
Platform modules already initialized, skipping
Refreshing native plugins compatible for Editor in 1.09 ms, found 2 plugins.
Preloading 0 native plugins for Editor in 0.00 ms.
Unloading 1928 Unused Serialized files (Serialized files now loaded: 0)
Unloading 10 unused Assets / (24.7 KB). Loaded Objects now: 2424.
Memory consumption went from 99.5 MB to 99.5 MB.
Total: 3.146100 ms (FindLiveObjects: 0.175400 ms CreateObjectMapping: 0.085800 ms MarkObjects: 2.865600 ms  DeleteObjects: 0.018300 ms)

AssetImportParameters requested are different than current active one (requested -> active):
  custom:video-decoder-ogg-theora: a1e56fd34408186e4bbccfd4996cb3dc -> 
  custom:container-muxer-webm: aa71ff27fc2769a1b78a27578f13a17b -> 
  custom:container-demuxer-webm: 4f35f7cbe854078d1ac9338744f61a02 -> 
  custom:video-encoder-webm-vp8: eb34c28f22e8b96e1ab97ce403110664 -> 
  custom:audio-encoder-webm-vorbis: bf7c407c2cedff20999df2af8eb42d56 -> 
  custom:framework-win-MediaFoundation: 216162199b28c13a410421893ffa2e32 -> 
  custom:container-demuxer-ogg: 62fdf1f143b41e24485cea50d1cbac27 -> 
  custom:video-decoder-webm-vp8: 9c59270c3fd7afecdb556c50c9e8de78 -> 
  custom:audio-decoder-ogg-vorbis: bf7c407c2cedff20999df2af8eb42d56 -> 
========================================================================
Received Import Request.
  Time since last request: 80.720983 seconds.
  path: Assets/Scripts/Enemies/Ai Scriptable Objects/AIActions/Checkers/CheckPlayerInSensor.cs
  artifactKey: Guid(5f79ea17ba91d6f41ae6fd1b4a79dbd5) Importer(815301076,1909f56bfc062723c751e8b465ee728b)
Start importing Assets/Scripts/Enemies/Ai Scriptable Objects/AIActions/Checkers/CheckPlayerInSensor.cs using Guid(5f79ea17ba91d6f41ae6fd1b4a79dbd5) Importer(815301076,1909f56bfc062723c751e8b465ee728b)  -> (artifact id: '2fef4778bd9eca91bc4b5c0e46b5ed02') in 0.009210 seconds 
========================================================================
Received Prepare
Registering precompiled user dll's ...
Registered in 0.001579 seconds.
Begin MonoManager ReloadAssembly
Native extension for UWP target not found
Native extension for WindowsStandalone target not found
Refreshing native plugins compatible for Editor in 0.38 ms, found 2 plugins.
Preloading 0 native plugins for Editor in 0.00 ms.
Mono: successfully reloaded assembly
- Completed reload, in  0.998 seconds
Domain Reload Profiling:
	ReloadAssembly (1000ms)
		BeginReloadAssembly (124ms)
			ExecutionOrderSort (0ms)
			DisableScriptedObjects (5ms)
			BackupInstance (0ms)
			ReleaseScriptingObjects (0ms)
			CreateAndSetChildDomain (27ms)
		EndReloadAssembly (778ms)
			LoadAssemblies (78ms)
			RebuildTransferFunctionScriptingTraits (0ms)
			SetupTypeCache (226ms)
			ReleaseScriptCaches (2ms)
			RebuildScriptCaches (60ms)
			SetupLoadedEditorAssemblies (367ms)
				LogAssemblyErrors (0ms)
				InitializePlatformSupportModulesInManaged (12ms)
				SetLoadedEditorAssemblies (0ms)
				RefreshPlugins (0ms)
				BeforeProcessingInitializeOnLoad (54ms)
				ProcessInitializeOnLoadAttributes (265ms)
				ProcessInitializeOnLoadMethodAttributes (25ms)
				AfterProcessingInitializeOnLoad (10ms)
				EditorAssembliesLoaded (0ms)
			ExecutionOrderSort2 (0ms)
			AwakeInstancesAfterBackupRestoration (7ms)
Platform modules already initialized, skipping
Refreshing native plugins compatible for Editor in 1.08 ms, found 2 plugins.
Preloading 0 native plugins for Editor in 0.00 ms.
Unloading 1928 Unused Serialized files (Serialized files now loaded: 0)
Unloading 10 unused Assets / (24.7 KB). Loaded Objects now: 2426.
Memory consumption went from 99.5 MB to 99.5 MB.
Total: 2.905600 ms (FindLiveObjects: 0.153900 ms CreateObjectMapping: 0.065600 ms MarkObjects: 2.670200 ms  DeleteObjects: 0.015200 ms)

AssetImportParameters requested are different than current active one (requested -> active):
  custom:video-decoder-ogg-theora: a1e56fd34408186e4bbccfd4996cb3dc -> 
  custom:container-muxer-webm: aa71ff27fc2769a1b78a27578f13a17b -> 
  custom:container-demuxer-webm: 4f35f7cbe854078d1ac9338744f61a02 -> 
  custom:video-encoder-webm-vp8: eb34c28f22e8b96e1ab97ce403110664 -> 
  custom:audio-encoder-webm-vorbis: bf7c407c2cedff20999df2af8eb42d56 -> 
  custom:framework-win-MediaFoundation: 216162199b28c13a410421893ffa2e32 -> 
  custom:container-demuxer-ogg: 62fdf1f143b41e24485cea50d1cbac27 -> 
  custom:video-decoder-webm-vp8: 9c59270c3fd7afecdb556c50c9e8de78 -> 
  custom:audio-decoder-ogg-vorbis: bf7c407c2cedff20999df2af8eb42d56 -> 
========================================================================
Received Prepare
Registering precompiled user dll's ...
Registered in 0.002167 seconds.
Begin MonoManager ReloadAssembly
Native extension for UWP target not found
Native extension for WindowsStandalone target not found
Refreshing native plugins compatible for Editor in 0.74 ms, found 2 plugins.
Preloading 0 native plugins for Editor in 0.00 ms.
Mono: successfully reloaded assembly
- Completed reload, in  0.885 seconds
Domain Reload Profiling:
	ReloadAssembly (885ms)
		BeginReloadAssembly (146ms)
			ExecutionOrderSort (0ms)
			DisableScriptedObjects (6ms)
			BackupInstance (0ms)
			ReleaseScriptingObjects (0ms)
			CreateAndSetChildDomain (41ms)
		EndReloadAssembly (639ms)
			LoadAssemblies (75ms)
			RebuildTransferFunctionScriptingTraits (0ms)
			SetupTypeCache (182ms)
			ReleaseScriptCaches (1ms)
			RebuildScriptCaches (45ms)
			SetupLoadedEditorAssemblies (316ms)
				LogAssemblyErrors (0ms)
				InitializePlatformSupportModulesInManaged (14ms)
				SetLoadedEditorAssemblies (1ms)
				RefreshPlugins (1ms)
				BeforeProcessingInitializeOnLoad (54ms)
				ProcessInitializeOnLoadAttributes (217ms)
				ProcessInitializeOnLoadMethodAttributes (22ms)
				AfterProcessingInitializeOnLoad (8ms)
				EditorAssembliesLoaded (0ms)
			ExecutionOrderSort2 (0ms)
			AwakeInstancesAfterBackupRestoration (5ms)
Platform modules already initialized, skipping
Refreshing native plugins compatible for Editor in 1.02 ms, found 2 plugins.
Preloading 0 native plugins for Editor in 0.00 ms.
Unloading 1928 Unused Serialized files (Serialized files now loaded: 0)
Unloading 10 unused Assets / (24.7 KB). Loaded Objects now: 2428.
Memory consumption went from 99.6 MB to 99.5 MB.
Total: 2.517000 ms (FindLiveObjects: 0.145300 ms CreateObjectMapping: 0.058500 ms MarkObjects: 2.298100 ms  DeleteObjects: 0.014500 ms)

AssetImportParameters requested are different than current active one (requested -> active):
  custom:video-decoder-ogg-theora: a1e56fd34408186e4bbccfd4996cb3dc -> 
  custom:container-muxer-webm: aa71ff27fc2769a1b78a27578f13a17b -> 
  custom:container-demuxer-webm: 4f35f7cbe854078d1ac9338744f61a02 -> 
  custom:video-encoder-webm-vp8: eb34c28f22e8b96e1ab97ce403110664 -> 
  custom:audio-encoder-webm-vorbis: bf7c407c2cedff20999df2af8eb42d56 -> 
  custom:framework-win-MediaFoundation: 216162199b28c13a410421893ffa2e32 -> 
  custom:container-demuxer-ogg: 62fdf1f143b41e24485cea50d1cbac27 -> 
  custom:video-decoder-webm-vp8: 9c59270c3fd7afecdb556c50c9e8de78 -> 
  custom:audio-decoder-ogg-vorbis: bf7c407c2cedff20999df2af8eb42d56 -> 
========================================================================
Received Prepare
Registering precompiled user dll's ...
Registered in 0.001449 seconds.
Begin MonoManager ReloadAssembly
Native extension for UWP target not found
Native extension for WindowsStandalone target not found
Refreshing native plugins compatible for Editor in 0.34 ms, found 2 plugins.
Preloading 0 native plugins for Editor in 0.00 ms.
Mono: successfully reloaded assembly
- Completed reload, in  0.836 seconds
Domain Reload Profiling:
	ReloadAssembly (836ms)
		BeginReloadAssembly (118ms)
			ExecutionOrderSort (0ms)
			DisableScriptedObjects (5ms)
			BackupInstance (0ms)
			ReleaseScriptingObjects (0ms)
			CreateAndSetChildDomain (27ms)
		EndReloadAssembly (631ms)
			LoadAssemblies (74ms)
			RebuildTransferFunctionScriptingTraits (0ms)
			SetupTypeCache (178ms)
			ReleaseScriptCaches (1ms)
			RebuildScriptCaches (43ms)
			SetupLoadedEditorAssemblies (307ms)
				LogAssemblyErrors (0ms)
				InitializePlatformSupportModulesInManaged (12ms)
				SetLoadedEditorAssemblies (0ms)
				RefreshPlugins (0ms)
				BeforeProcessingInitializeOnLoad (45ms)
				ProcessInitializeOnLoadAttributes (217ms)
				ProcessInitializeOnLoadMethodAttributes (23ms)
				AfterProcessingInitializeOnLoad (9ms)
				EditorAssembliesLoaded (0ms)
			ExecutionOrderSort2 (0ms)
			AwakeInstancesAfterBackupRestoration (6ms)
Platform modules already initialized, skipping
Refreshing native plugins compatible for Editor in 0.82 ms, found 2 plugins.
Preloading 0 native plugins for Editor in 0.00 ms.
Unloading 1928 Unused Serialized files (Serialized files now loaded: 0)
Unloading 10 unused Assets / (24.7 KB). Loaded Objects now: 2430.
Memory consumption went from 99.6 MB to 99.5 MB.
Total: 2.554600 ms (FindLiveObjects: 0.152100 ms CreateObjectMapping: 0.064000 ms MarkObjects: 2.313100 ms  DeleteObjects: 0.024800 ms)

AssetImportParameters requested are different than current active one (requested -> active):
  custom:video-decoder-ogg-theora: a1e56fd34408186e4bbccfd4996cb3dc -> 
  custom:container-muxer-webm: aa71ff27fc2769a1b78a27578f13a17b -> 
  custom:container-demuxer-webm: 4f35f7cbe854078d1ac9338744f61a02 -> 
  custom:video-encoder-webm-vp8: eb34c28f22e8b96e1ab97ce403110664 -> 
  custom:audio-encoder-webm-vorbis: bf7c407c2cedff20999df2af8eb42d56 -> 
  custom:framework-win-MediaFoundation: 216162199b28c13a410421893ffa2e32 -> 
  custom:container-demuxer-ogg: 62fdf1f143b41e24485cea50d1cbac27 -> 
  custom:video-decoder-webm-vp8: 9c59270c3fd7afecdb556c50c9e8de78 -> 
  custom:audio-decoder-ogg-vorbis: bf7c407c2cedff20999df2af8eb42d56 -> 
========================================================================
Received Import Request.
  Time since last request: 265.663454 seconds.
  path: Assets/Scripts/Enemies/Ai Scriptable Objects/AIActions/Checkers/RangedSensorCheck.cs
  artifactKey: Guid(f39dd317fd8419b43b6cfb3bf6700387) Importer(815301076,1909f56bfc062723c751e8b465ee728b)
Start importing Assets/Scripts/Enemies/Ai Scriptable Objects/AIActions/Checkers/RangedSensorCheck.cs using Guid(f39dd317fd8419b43b6cfb3bf6700387) Importer(815301076,1909f56bfc062723c751e8b465ee728b)  -> (artifact id: '6e427f66cd16bbcac7a5807220c90c1b') in 0.004337 seconds 
========================================================================
Received Prepare
Registering precompiled user dll's ...
Registered in 0.001682 seconds.
Begin MonoManager ReloadAssembly
Native extension for UWP target not found
Native extension for WindowsStandalone target not found
Refreshing native plugins compatible for Editor in 0.35 ms, found 2 plugins.
Preloading 0 native plugins for Editor in 0.00 ms.
Mono: successfully reloaded assembly
- Completed reload, in  0.831 seconds
Domain Reload Profiling:
	ReloadAssembly (832ms)
		BeginReloadAssembly (119ms)
			ExecutionOrderSort (0ms)
			DisableScriptedObjects (5ms)
			BackupInstance (0ms)
			ReleaseScriptingObjects (0ms)
			CreateAndSetChildDomain (30ms)
		EndReloadAssembly (625ms)
			LoadAssemblies (71ms)
			RebuildTransferFunctionScriptingTraits (0ms)
			SetupTypeCache (156ms)
			ReleaseScriptCaches (1ms)
			RebuildScriptCaches (43ms)
			SetupLoadedEditorAssemblies (322ms)
				LogAssemblyErrors (0ms)
				InitializePlatformSupportModulesInManaged (12ms)
				SetLoadedEditorAssemblies (0ms)
				RefreshPlugins (0ms)
				BeforeProcessingInitializeOnLoad (45ms)
				ProcessInitializeOnLoadAttributes (227ms)
				ProcessInitializeOnLoadMethodAttributes (29ms)
				AfterProcessingInitializeOnLoad (8ms)
				EditorAssembliesLoaded (0ms)
			ExecutionOrderSort2 (0ms)
			AwakeInstancesAfterBackupRestoration (6ms)
Platform modules already initialized, skipping
Refreshing native plugins compatible for Editor in 0.92 ms, found 2 plugins.
Preloading 0 native plugins for Editor in 0.00 ms.
Unloading 1928 Unused Serialized files (Serialized files now loaded: 0)
Unloading 10 unused Assets / (24.8 KB). Loaded Objects now: 2432.
Memory consumption went from 99.6 MB to 99.5 MB.
Total: 2.768800 ms (FindLiveObjects: 0.172800 ms CreateObjectMapping: 0.101500 ms MarkObjects: 2.478400 ms  DeleteObjects: 0.015400 ms)

AssetImportParameters requested are different than current active one (requested -> active):
  custom:video-decoder-ogg-theora: a1e56fd34408186e4bbccfd4996cb3dc -> 
  custom:container-muxer-webm: aa71ff27fc2769a1b78a27578f13a17b -> 
  custom:container-demuxer-webm: 4f35f7cbe854078d1ac9338744f61a02 -> 
  custom:video-encoder-webm-vp8: eb34c28f22e8b96e1ab97ce403110664 -> 
  custom:audio-encoder-webm-vorbis: bf7c407c2cedff20999df2af8eb42d56 -> 
  custom:framework-win-MediaFoundation: 216162199b28c13a410421893ffa2e32 -> 
  custom:container-demuxer-ogg: 62fdf1f143b41e24485cea50d1cbac27 -> 
  custom:video-decoder-webm-vp8: 9c59270c3fd7afecdb556c50c9e8de78 -> 
  custom:audio-decoder-ogg-vorbis: bf7c407c2cedff20999df2af8eb42d56 -> 
========================================================================
Received Import Request.
  Time since last request: 8.449083 seconds.
  path: Assets/Bair Examples/ex#5/enemy ex#5.prefab
  artifactKey: Guid(08ff2671b88b8704d89fd0feb21b02c2) Importer(815301076,1909f56bfc062723c751e8b465ee728b)
Start importing Assets/Bair Examples/ex#5/enemy ex#5.prefab using Guid(08ff2671b88b8704d89fd0feb21b02c2) Importer(815301076,1909f56bfc062723c751e8b465ee728b) Tried select unknown importer for id '-2' '00000000000000000000000000000000'
 -> (artifact id: '4981ab7f9edd099cd6c797f04ceb8d09') in 0.159910 seconds 
========================================================================
Received Import Request.
  Time since last request: 1.102424 seconds.
  path: Assets/Bair Examples/Patrol and attack/enemy ex 2.prefab
  artifactKey: Guid(8cd432c1d1d58534b9a0837eb125056d) Importer(815301076,1909f56bfc062723c751e8b465ee728b)
Start importing Assets/Bair Examples/Patrol and attack/enemy ex 2.prefab using Guid(8cd432c1d1d58534b9a0837eb125056d) Importer(815301076,1909f56bfc062723c751e8b465ee728b) Tried select unknown importer for id '-2' '00000000000000000000000000000000'
 -> (artifact id: '1f9f06a30c717b8f5ccceb0842635a23') in 0.010001 seconds 
========================================================================
Received Import Request.
  Time since last request: 22.245331 seconds.
  path: Assets/Bair Examples/ex#6/BossBT.asset
  artifactKey: Guid(0aa8f797151ef6e4f92a83a72208ced9) Importer(815301076,1909f56bfc062723c751e8b465ee728b)
Start importing Assets/Bair Examples/ex#6/BossBT.asset using Guid(0aa8f797151ef6e4f92a83a72208ced9) Importer(815301076,1909f56bfc062723c751e8b465ee728b)  -> (artifact id: 'f7921bad0d51639d56f9dd5c893bf1fb') in 0.005995 seconds 
========================================================================
Received Import Request.
  Time since last request: 4.598274 seconds.
  path: Assets/Bair Examples/ex#6/BossBT.asset
  artifactKey: Guid(0aa8f797151ef6e4f92a83a72208ced9) Importer(815301076,1909f56bfc062723c751e8b465ee728b)
Start importing Assets/Bair Examples/ex#6/BossBT.asset using Guid(0aa8f797151ef6e4f92a83a72208ced9) Importer(815301076,1909f56bfc062723c751e8b465ee728b)  -> (artifact id: '41b885caa763dedee4035ded65067df8') in 0.004954 seconds 
========================================================================
Received Import Request.
  Time since last request: 3.986908 seconds.
  path: Assets/Bair Examples/ex#6/BossBT.asset
  artifactKey: Guid(0aa8f797151ef6e4f92a83a72208ced9) Importer(815301076,1909f56bfc062723c751e8b465ee728b)
Start importing Assets/Bair Examples/ex#6/BossBT.asset using Guid(0aa8f797151ef6e4f92a83a72208ced9) Importer(815301076,1909f56bfc062723c751e8b465ee728b)  -> (artifact id: 'd07deab7c78629424efaac84d6979ef0') in 0.004995 seconds 
========================================================================
Received Import Request.
  Time since last request: 18.894630 seconds.
  path: Assets/Bair Examples/ex#6/BossBT.asset
  artifactKey: Guid(0aa8f797151ef6e4f92a83a72208ced9) Importer(815301076,1909f56bfc062723c751e8b465ee728b)
Start importing Assets/Bair Examples/ex#6/BossBT.asset using Guid(0aa8f797151ef6e4f92a83a72208ced9) Importer(815301076,1909f56bfc062723c751e8b465ee728b)  -> (artifact id: '8e613dcdb4924e5f502d0278aec609e2') in 0.007823 seconds 
========================================================================
Received Import Request.
  Time since last request: 53.066050 seconds.
  path: Assets/Bair Examples/ex#6/BossBT.asset
  artifactKey: Guid(0aa8f797151ef6e4f92a83a72208ced9) Importer(815301076,1909f56bfc062723c751e8b465ee728b)
Start importing Assets/Bair Examples/ex#6/BossBT.asset using Guid(0aa8f797151ef6e4f92a83a72208ced9) Importer(815301076,1909f56bfc062723c751e8b465ee728b)  -> (artifact id: '03d88bfc40cc8c0118cc0955c050ca65') in 0.004896 seconds 
========================================================================
Received Import Request.
  Time since last request: 55.912953 seconds.
  path: Assets/Bair Examples/ex#6/BossBT.asset
  artifactKey: Guid(0aa8f797151ef6e4f92a83a72208ced9) Importer(815301076,1909f56bfc062723c751e8b465ee728b)
Start importing Assets/Bair Examples/ex#6/BossBT.asset using Guid(0aa8f797151ef6e4f92a83a72208ced9) Importer(815301076,1909f56bfc062723c751e8b465ee728b)  -> (artifact id: '28db88333c337dc3b533adbc2e04a012') in 0.007382 seconds 
========================================================================
Received Import Request.
  Time since last request: 4.819720 seconds.
  path: Assets/Bair Examples/ex#6/BossBT.asset
  artifactKey: Guid(0aa8f797151ef6e4f92a83a72208ced9) Importer(815301076,1909f56bfc062723c751e8b465ee728b)
Start importing Assets/Bair Examples/ex#6/BossBT.asset using Guid(0aa8f797151ef6e4f92a83a72208ced9) Importer(815301076,1909f56bfc062723c751e8b465ee728b)  -> (artifact id: 'b12e3f3a635a8d1b2818b7ef279b35ff') in 0.008209 seconds 
========================================================================
Received Import Request.
  Time since last request: 39.272148 seconds.
  path: Assets/Bair Examples/ex#6/BossBT.asset
  artifactKey: Guid(0aa8f797151ef6e4f92a83a72208ced9) Importer(815301076,1909f56bfc062723c751e8b465ee728b)
Start importing Assets/Bair Examples/ex#6/BossBT.asset using Guid(0aa8f797151ef6e4f92a83a72208ced9) Importer(815301076,1909f56bfc062723c751e8b465ee728b)  -> (artifact id: '540c9dddf1489fa6786d3bcd3f73d911') in 0.009574 seconds 
========================================================================
Received Import Request.
  Time since last request: 6.067731 seconds.
  path: Assets/Bair Examples/ex#6/BossBT.asset
  artifactKey: Guid(0aa8f797151ef6e4f92a83a72208ced9) Importer(815301076,1909f56bfc062723c751e8b465ee728b)
Start importing Assets/Bair Examples/ex#6/BossBT.asset using Guid(0aa8f797151ef6e4f92a83a72208ced9) Importer(815301076,1909f56bfc062723c751e8b465ee728b)  -> (artifact id: '03f29e7c0c1de5f6ec03c0d5d776e359') in 0.007737 seconds 
========================================================================
Received Import Request.
  Time since last request: 34.648079 seconds.
  path: Assets/Bair Examples/ex#6/BossBT.asset
  artifactKey: Guid(0aa8f797151ef6e4f92a83a72208ced9) Importer(815301076,1909f56bfc062723c751e8b465ee728b)
Start importing Assets/Bair Examples/ex#6/BossBT.asset using Guid(0aa8f797151ef6e4f92a83a72208ced9) Importer(815301076,1909f56bfc062723c751e8b465ee728b)  -> (artifact id: '42613d068b7aaf3bd7f87a89626d94da') in 0.009004 seconds 
========================================================================
Received Import Request.
  Time since last request: 48.032528 seconds.
  path: Assets/Bair Examples/ex#6/BossBT.asset
  artifactKey: Guid(0aa8f797151ef6e4f92a83a72208ced9) Importer(815301076,1909f56bfc062723c751e8b465ee728b)
Start importing Assets/Bair Examples/ex#6/BossBT.asset using Guid(0aa8f797151ef6e4f92a83a72208ced9) Importer(815301076,1909f56bfc062723c751e8b465ee728b)  -> (artifact id: '1b44169c057c870e5a41bd6f25d293fa') in 0.008164 seconds 
========================================================================
Received Import Request.
  Time since last request: 44.843111 seconds.
  path: Assets/Bair Examples/ex#6/BossBT.asset
  artifactKey: Guid(0aa8f797151ef6e4f92a83a72208ced9) Importer(815301076,1909f56bfc062723c751e8b465ee728b)
Start importing Assets/Bair Examples/ex#6/BossBT.asset using Guid(0aa8f797151ef6e4f92a83a72208ced9) Importer(815301076,1909f56bfc062723c751e8b465ee728b)  -> (artifact id: 'daafa19dfaa7fae18e34ea81ecc177d7') in 0.008539 seconds 
========================================================================
Received Import Request.
  Time since last request: 85.434925 seconds.
  path: Assets/Bair Examples/Ex #4/enemy ex4.prefab
  artifactKey: Guid(bb6a1443c024aa3479696fe744a91c92) Importer(815301076,1909f56bfc062723c751e8b465ee728b)
Start importing Assets/Bair Examples/Ex #4/enemy ex4.prefab using Guid(bb6a1443c024aa3479696fe744a91c92) Importer(815301076,1909f56bfc062723c751e8b465ee728b) Tried select unknown importer for id '-2' '00000000000000000000000000000000'
 -> (artifact id: '8df7d04ef7edd23d1bd7354dc0f99078') in 0.081380 seconds 
========================================================================
Received Prepare
Registering precompiled user dll's ...
Registered in 0.002034 seconds.
Begin MonoManager ReloadAssembly
Native extension for UWP target not found
Native extension for WindowsStandalone target not found
Refreshing native plugins compatible for Editor in 0.68 ms, found 2 plugins.
Preloading 0 native plugins for Editor in 0.00 ms.
Mono: successfully reloaded assembly
- Completed reload, in  0.839 seconds
Domain Reload Profiling:
	ReloadAssembly (840ms)
		BeginReloadAssembly (124ms)
			ExecutionOrderSort (0ms)
			DisableScriptedObjects (4ms)
			BackupInstance (0ms)
			ReleaseScriptingObjects (0ms)
			CreateAndSetChildDomain (36ms)
		EndReloadAssembly (630ms)
			LoadAssemblies (73ms)
			RebuildTransferFunctionScriptingTraits (0ms)
			SetupTypeCache (163ms)
			ReleaseScriptCaches (2ms)
			RebuildScriptCaches (43ms)
			SetupLoadedEditorAssemblies (318ms)
				LogAssemblyErrors (0ms)
				InitializePlatformSupportModulesInManaged (16ms)
				SetLoadedEditorAssemblies (1ms)
				RefreshPlugins (1ms)
				BeforeProcessingInitializeOnLoad (47ms)
				ProcessInitializeOnLoadAttributes (224ms)
				ProcessInitializeOnLoadMethodAttributes (23ms)
				AfterProcessingInitializeOnLoad (8ms)
				EditorAssembliesLoaded (0ms)
			ExecutionOrderSort2 (0ms)
			AwakeInstancesAfterBackupRestoration (5ms)
Platform modules already initialized, skipping
Refreshing native plugins compatible for Editor in 0.98 ms, found 2 plugins.
Preloading 0 native plugins for Editor in 0.00 ms.
Unloading 1928 Unused Serialized files (Serialized files now loaded: 0)
Unloading 10 unused Assets / (24.7 KB). Loaded Objects now: 2435.
Memory consumption went from 100.1 MB to 100.1 MB.
Total: 2.919200 ms (FindLiveObjects: 0.153600 ms CreateObjectMapping: 0.063900 ms MarkObjects: 2.673600 ms  DeleteObjects: 0.027200 ms)

AssetImportParameters requested are different than current active one (requested -> active):
  custom:video-decoder-ogg-theora: a1e56fd34408186e4bbccfd4996cb3dc -> 
  custom:container-muxer-webm: aa71ff27fc2769a1b78a27578f13a17b -> 
  custom:container-demuxer-webm: 4f35f7cbe854078d1ac9338744f61a02 -> 
  custom:video-encoder-webm-vp8: eb34c28f22e8b96e1ab97ce403110664 -> 
  custom:audio-encoder-webm-vorbis: bf7c407c2cedff20999df2af8eb42d56 -> 
  custom:framework-win-MediaFoundation: 216162199b28c13a410421893ffa2e32 -> 
  custom:container-demuxer-ogg: 62fdf1f143b41e24485cea50d1cbac27 -> 
  custom:video-decoder-webm-vp8: 9c59270c3fd7afecdb556c50c9e8de78 -> 
  custom:audio-decoder-ogg-vorbis: bf7c407c2cedff20999df2af8eb42d56 -> 
